写入文件
【错误描述：】
System.NullReferenceException: 未将对象引用设置到对象的实例。
   在 YSCMS.Publish.General.WriteHtml(String Content, String FilePath) 位置 g:\vs2k12\Yuesi\YSCMS.Publish\General.cs:行号 1728
【UserName】   【Time】2015-01-20 12:41:09
≡≡≡≡≡≡≡≡≡≡≡≡≡≡≡≡≡≡≡≡≡≡≡≡≡≡≡≡≡≡≡≡≡≡≡≡≡≡≡≡≡≡≡≡≡≡≡≡≡≡
□□□ 生成历史文档
【错误描述：】
System.Data.OleDb.OleDbException (0x80040E14): 表达式中 'Getdate' 函数未定义。
   在 System.Data.OleDb.OleDbCommand.ExecuteCommandTextErrorHandling(OleDbHResult hr)
   在 System.Data.OleDb.OleDbCommand.ExecuteCommandTextForSingleResult(tagDBPARAMS dbParams, Object& executeResult)
   在 System.Data.OleDb.OleDbCommand.ExecuteCommandText(Object& executeResult)
   在 System.Data.OleDb.OleDbCommand.ExecuteCommand(CommandBehavior behavior, Object& executeResult)
   在 System.Data.OleDb.OleDbCommand.ExecuteReaderInternal(CommandBehavior behavior, String method)
   在 System.Data.OleDb.OleDbCommand.ExecuteReader(CommandBehavior behavior)
   在 System.Data.OleDb.OleDbCommand.System.Data.IDbCommand.ExecuteReader(CommandBehavior behavior)
   在 System.Data.Common.DbDataAdapter.FillInternal(DataSet dataset, DataTable[] datatables, Int32 startRecord, Int32 maxRecords, String srcTable, IDbCommand command, CommandBehavior behavior)
   在 System.Data.Common.DbDataAdapter.Fill(DataSet dataSet, Int32 startRecord, Int32 maxRecords, String srcTable, IDbCommand command, CommandBehavior behavior)
   在 System.Data.Common.DbDataAdapter.Fill(DataSet dataSet, String srcTable)
   在 YSCMS.DALProfile.DbHelper.ExecuteTable(String connectionString, CommandType cmdType, String cmdText, DbParameter[] commandParameters) 位置 g:\vs2k12\Yuesi\YSCMS.DALProfile\DbHelper.cs:行号 322
   在 YSCMS.DALProfile.DbHelper.ExecuteTable(CommandType cmdType, String cmdText, DbParameter[] commandParameters) 位置 g:\vs2k12\Yuesi\YSCMS.DALProfile\DbHelper.cs:行号 287
   在 YSCMS.AccessDAL.Publish.Gethistory(Int32 Numday) 位置 g:\vs2k12\Yuesi\YSCMS.AccessDAL\Publish.cs:行号 827
   在 YSCMS.Publish.General.PublishHistryIndex(Int32 Numday) 位置 g:\vs2k12\Yuesi\YSCMS.Publish\General.cs:行号 851
【UserName】   【Time】2015-01-20 12:41:09
≡≡≡≡≡≡≡≡≡≡≡≡≡≡≡≡≡≡≡≡≡≡≡≡≡≡≡≡≡≡≡≡≡≡≡≡≡≡≡≡≡≡≡≡≡≡≡≡≡≡
写入文件
【错误描述：】
System.NullReferenceException: 未将对象引用设置到对象的实例。
   在 YSCMS.Publish.General.WriteHtml(String Content, String FilePath) 位置 g:\vs2k12\Yuesi\YSCMS.Publish\General.cs:行号 1728
【UserName】   【Time】2015-01-20 12:57:50
≡≡≡≡≡≡≡≡≡≡≡≡≡≡≡≡≡≡≡≡≡≡≡≡≡≡≡≡≡≡≡≡≡≡≡≡≡≡≡≡≡≡≡≡≡≡≡≡≡≡
写入文件
【错误描述：】
System.NullReferenceException: 未将对象引用设置到对象的实例。
   在 YSCMS.Publish.General.WriteHtml(String Content, String FilePath) 位置 g:\vs2k12\Yuesi\YSCMS.Publish\General.cs:行号 1728
【UserName】   【Time】2015-01-20 12:57:50
≡≡≡≡≡≡≡≡≡≡≡≡≡≡≡≡≡≡≡≡≡≡≡≡≡≡≡≡≡≡≡≡≡≡≡≡≡≡≡≡≡≡≡≡≡≡≡≡≡≡
写入文件
【错误描述：】
System.NullReferenceException: 未将对象引用设置到对象的实例。
   在 YSCMS.Publish.General.WriteHtml(String Content, String FilePath) 位置 g:\vs2k12\Yuesi\YSCMS.Publish\General.cs:行号 1728
【UserName】   【Time】2015-01-20 12:57:50
≡≡≡≡≡≡≡≡≡≡≡≡≡≡≡≡≡≡≡≡≡≡≡≡≡≡≡≡≡≡≡≡≡≡≡≡≡≡≡≡≡≡≡≡≡≡≡≡≡≡
写入文件
【错误描述：】
System.NullReferenceException: 未将对象引用设置到对象的实例。
   在 YSCMS.Publish.General.WriteHtml(String Content, String FilePath) 位置 g:\vs2k12\Yuesi\YSCMS.Publish\General.cs:行号 1728
【UserName】   【Time】2015-01-20 12:57:50
≡≡≡≡≡≡≡≡≡≡≡≡≡≡≡≡≡≡≡≡≡≡≡≡≡≡≡≡≡≡≡≡≡≡≡≡≡≡≡≡≡≡≡≡≡≡≡≡≡≡
写入文件
【错误描述：】
System.NullReferenceException: 未将对象引用设置到对象的实例。
   在 YSCMS.Publish.General.WriteHtml(String Content, String FilePath) 位置 g:\vs2k12\Yuesi\YSCMS.Publish\General.cs:行号 1728
【UserName】   【Time】2015-01-20 12:57:50
≡≡≡≡≡≡≡≡≡≡≡≡≡≡≡≡≡≡≡≡≡≡≡≡≡≡≡≡≡≡≡≡≡≡≡≡≡≡≡≡≡≡≡≡≡≡≡≡≡≡
写入文件
【错误描述：】
System.NullReferenceException: 未将对象引用设置到对象的实例。
   在 YSCMS.Publish.General.WriteHtml(String Content, String FilePath) 位置 g:\vs2k12\Yuesi\YSCMS.Publish\General.cs:行号 1728
【UserName】   【Time】2015-01-20 12:57:51
≡≡≡≡≡≡≡≡≡≡≡≡≡≡≡≡≡≡≡≡≡≡≡≡≡≡≡≡≡≡≡≡≡≡≡≡≡≡≡≡≡≡≡≡≡≡≡≡≡≡
写入文件
【错误描述：】
System.NullReferenceException: 未将对象引用设置到对象的实例。
   在 YSCMS.Publish.General.WriteHtml(String Content, String FilePath) 位置 g:\vs2k12\Yuesi\YSCMS.Publish\General.cs:行号 1728
【UserName】   【Time】2015-01-20 12:57:51
≡≡≡≡≡≡≡≡≡≡≡≡≡≡≡≡≡≡≡≡≡≡≡≡≡≡≡≡≡≡≡≡≡≡≡≡≡≡≡≡≡≡≡≡≡≡≡≡≡≡
写入文件
【错误描述：】
System.NullReferenceException: 未将对象引用设置到对象的实例。
   在 YSCMS.Publish.General.WriteHtml(String Content, String FilePath) 位置 g:\vs2k12\Yuesi\YSCMS.Publish\General.cs:行号 1728
【UserName】   【Time】2015-01-20 12:57:51
≡≡≡≡≡≡≡≡≡≡≡≡≡≡≡≡≡≡≡≡≡≡≡≡≡≡≡≡≡≡≡≡≡≡≡≡≡≡≡≡≡≡≡≡≡≡≡≡≡≡
写入文件
【错误描述：】
System.NullReferenceException: 未将对象引用设置到对象的实例。
   在 YSCMS.Publish.General.WriteHtml(String Content, String FilePath) 位置 g:\vs2k12\Yuesi\YSCMS.Publish\General.cs:行号 1728
【UserName】   【Time】2015-01-20 12:57:51
≡≡≡≡≡≡≡≡≡≡≡≡≡≡≡≡≡≡≡≡≡≡≡≡≡≡≡≡≡≡≡≡≡≡≡≡≡≡≡≡≡≡≡≡≡≡≡≡≡≡
写入文件
【错误描述：】
System.NullReferenceException: 未将对象引用设置到对象的实例。
   在 YSCMS.Publish.General.WriteHtml(String Content, String FilePath) 位置 g:\vs2k12\Yuesi\YSCMS.Publish\General.cs:行号 1728
【UserName】   【Time】2015-01-20 12:57:51
≡≡≡≡≡≡≡≡≡≡≡≡≡≡≡≡≡≡≡≡≡≡≡≡≡≡≡≡≡≡≡≡≡≡≡≡≡≡≡≡≡≡≡≡≡≡≡≡≡≡
写入文件
【错误描述：】
System.NullReferenceException: 未将对象引用设置到对象的实例。
   在 YSCMS.Publish.General.WriteHtml(String Content, String FilePath) 位置 g:\vs2k12\Yuesi\YSCMS.Publish\General.cs:行号 1728
【UserName】   【Time】2015-01-20 12:57:51
≡≡≡≡≡≡≡≡≡≡≡≡≡≡≡≡≡≡≡≡≡≡≡≡≡≡≡≡≡≡≡≡≡≡≡≡≡≡≡≡≡≡≡≡≡≡≡≡≡≡
写入文件
【错误描述：】
System.NullReferenceException: 未将对象引用设置到对象的实例。
   在 YSCMS.Publish.General.WriteHtml(String Content, String FilePath) 位置 g:\vs2k12\Yuesi\YSCMS.Publish\General.cs:行号 1728
【UserName】   【Time】2015-01-20 12:57:51
≡≡≡≡≡≡≡≡≡≡≡≡≡≡≡≡≡≡≡≡≡≡≡≡≡≡≡≡≡≡≡≡≡≡≡≡≡≡≡≡≡≡≡≡≡≡≡≡≡≡
写入文件
【错误描述：】
System.NullReferenceException: 未将对象引用设置到对象的实例。
   在 YSCMS.Publish.General.WriteHtml(String Content, String FilePath) 位置 g:\vs2k12\Yuesi\YSCMS.Publish\General.cs:行号 1728
【UserName】   【Time】2015-01-20 12:57:51
≡≡≡≡≡≡≡≡≡≡≡≡≡≡≡≡≡≡≡≡≡≡≡≡≡≡≡≡≡≡≡≡≡≡≡≡≡≡≡≡≡≡≡≡≡≡≡≡≡≡
写入文件
【错误描述：】
System.NullReferenceException: 未将对象引用设置到对象的实例。
   在 YSCMS.Publish.General.WriteHtml(String Content, String FilePath) 位置 g:\vs2k12\Yuesi\YSCMS.Publish\General.cs:行号 1728
【UserName】   【Time】2015-01-20 12:57:51
≡≡≡≡≡≡≡≡≡≡≡≡≡≡≡≡≡≡≡≡≡≡≡≡≡≡≡≡≡≡≡≡≡≡≡≡≡≡≡≡≡≡≡≡≡≡≡≡≡≡
写入文件
【错误描述：】
System.NullReferenceException: 未将对象引用设置到对象的实例。
   在 YSCMS.Publish.General.WriteHtml(String Content, String FilePath) 位置 g:\vs2k12\Yuesi\YSCMS.Publish\General.cs:行号 1728
【UserName】   【Time】2015-01-20 13:08:54
≡≡≡≡≡≡≡≡≡≡≡≡≡≡≡≡≡≡≡≡≡≡≡≡≡≡≡≡≡≡≡≡≡≡≡≡≡≡≡≡≡≡≡≡≡≡≡≡≡≡
□□□ 生成历史文档
【错误描述：】
System.Data.OleDb.OleDbException (0x80040E14): 表达式中 'Getdate' 函数未定义。
   在 System.Data.OleDb.OleDbCommand.ExecuteCommandTextErrorHandling(OleDbHResult hr)
   在 System.Data.OleDb.OleDbCommand.ExecuteCommandTextForSingleResult(tagDBPARAMS dbParams, Object& executeResult)
   在 System.Data.OleDb.OleDbCommand.ExecuteCommandText(Object& executeResult)
   在 System.Data.OleDb.OleDbCommand.ExecuteCommand(CommandBehavior behavior, Object& executeResult)
   在 System.Data.OleDb.OleDbCommand.ExecuteReaderInternal(CommandBehavior behavior, String method)
   在 System.Data.OleDb.OleDbCommand.ExecuteReader(CommandBehavior behavior)
   在 System.Data.OleDb.OleDbCommand.System.Data.IDbCommand.ExecuteReader(CommandBehavior behavior)
   在 System.Data.Common.DbDataAdapter.FillInternal(DataSet dataset, DataTable[] datatables, Int32 startRecord, Int32 maxRecords, String srcTable, IDbCommand command, CommandBehavior behavior)
   在 System.Data.Common.DbDataAdapter.Fill(DataSet dataSet, Int32 startRecord, Int32 maxRecords, String srcTable, IDbCommand command, CommandBehavior behavior)
   在 System.Data.Common.DbDataAdapter.Fill(DataSet dataSet, String srcTable)
   在 YSCMS.DALProfile.DbHelper.ExecuteTable(String connectionString, CommandType cmdType, String cmdText, DbParameter[] commandParameters) 位置 g:\vs2k12\Yuesi\YSCMS.DALProfile\DbHelper.cs:行号 322
   在 YSCMS.DALProfile.DbHelper.ExecuteTable(CommandType cmdType, String cmdText, DbParameter[] commandParameters) 位置 g:\vs2k12\Yuesi\YSCMS.DALProfile\DbHelper.cs:行号 287
   在 YSCMS.AccessDAL.Publish.Gethistory(Int32 Numday) 位置 g:\vs2k12\Yuesi\YSCMS.AccessDAL\Publish.cs:行号 827
   在 YSCMS.Publish.General.PublishHistryIndex(Int32 Numday) 位置 g:\vs2k12\Yuesi\YSCMS.Publish\General.cs:行号 851
【UserName】   【Time】2015-01-20 13:08:55
≡≡≡≡≡≡≡≡≡≡≡≡≡≡≡≡≡≡≡≡≡≡≡≡≡≡≡≡≡≡≡≡≡≡≡≡≡≡≡≡≡≡≡≡≡≡≡≡≡≡
写入文件
【错误描述：】
System.NullReferenceException: 未将对象引用设置到对象的实例。
   在 YSCMS.Publish.General.WriteHtml(String Content, String FilePath) 位置 g:\vs2k12\Yuesi\YSCMS.Publish\General.cs:行号 1728
【UserName】   【Time】2015-01-20 13:16:58
≡≡≡≡≡≡≡≡≡≡≡≡≡≡≡≡≡≡≡≡≡≡≡≡≡≡≡≡≡≡≡≡≡≡≡≡≡≡≡≡≡≡≡≡≡≡≡≡≡≡
□□□ 生成历史文档
【错误描述：】
System.Data.OleDb.OleDbException (0x80040E14): 表达式中 'Getdate' 函数未定义。
   在 System.Data.OleDb.OleDbCommand.ExecuteCommandTextErrorHandling(OleDbHResult hr)
   在 System.Data.OleDb.OleDbCommand.ExecuteCommandTextForSingleResult(tagDBPARAMS dbParams, Object& executeResult)
   在 System.Data.OleDb.OleDbCommand.ExecuteCommandText(Object& executeResult)
   在 System.Data.OleDb.OleDbCommand.ExecuteCommand(CommandBehavior behavior, Object& executeResult)
   在 System.Data.OleDb.OleDbCommand.ExecuteReaderInternal(CommandBehavior behavior, String method)
   在 System.Data.OleDb.OleDbCommand.ExecuteReader(CommandBehavior behavior)
   在 System.Data.OleDb.OleDbCommand.System.Data.IDbCommand.ExecuteReader(CommandBehavior behavior)
   在 System.Data.Common.DbDataAdapter.FillInternal(DataSet dataset, DataTable[] datatables, Int32 startRecord, Int32 maxRecords, String srcTable, IDbCommand command, CommandBehavior behavior)
   在 System.Data.Common.DbDataAdapter.Fill(DataSet dataSet, Int32 startRecord, Int32 maxRecords, String srcTable, IDbCommand command, CommandBehavior behavior)
   在 System.Data.Common.DbDataAdapter.Fill(DataSet dataSet, String srcTable)
   在 YSCMS.DALProfile.DbHelper.ExecuteTable(String connectionString, CommandType cmdType, String cmdText, DbParameter[] commandParameters) 位置 g:\vs2k12\Yuesi\YSCMS.DALProfile\DbHelper.cs:行号 322
   在 YSCMS.DALProfile.DbHelper.ExecuteTable(CommandType cmdType, String cmdText, DbParameter[] commandParameters) 位置 g:\vs2k12\Yuesi\YSCMS.DALProfile\DbHelper.cs:行号 287
   在 YSCMS.AccessDAL.Publish.Gethistory(Int32 Numday) 位置 g:\vs2k12\Yuesi\YSCMS.AccessDAL\Publish.cs:行号 827
   在 YSCMS.Publish.General.PublishHistryIndex(Int32 Numday) 位置 g:\vs2k12\Yuesi\YSCMS.Publish\General.cs:行号 851
【UserName】   【Time】2015-01-20 13:16:58
≡≡≡≡≡≡≡≡≡≡≡≡≡≡≡≡≡≡≡≡≡≡≡≡≡≡≡≡≡≡≡≡≡≡≡≡≡≡≡≡≡≡≡≡≡≡≡≡≡≡
写入文件
【错误描述：】
System.NullReferenceException: 未将对象引用设置到对象的实例。
   在 YSCMS.Publish.General.WriteHtml(String Content, String FilePath) 位置 g:\vs2k12\Yuesi\YSCMS.Publish\General.cs:行号 1728
【UserName】   【Time】2015-01-20 13:20:55
≡≡≡≡≡≡≡≡≡≡≡≡≡≡≡≡≡≡≡≡≡≡≡≡≡≡≡≡≡≡≡≡≡≡≡≡≡≡≡≡≡≡≡≡≡≡≡≡≡≡
□□□ 生成历史文档
【错误描述：】
System.Data.OleDb.OleDbException (0x80040E14): 表达式中 'Getdate' 函数未定义。
   在 System.Data.OleDb.OleDbCommand.ExecuteCommandTextErrorHandling(OleDbHResult hr)
   在 System.Data.OleDb.OleDbCommand.ExecuteCommandTextForSingleResult(tagDBPARAMS dbParams, Object& executeResult)
   在 System.Data.OleDb.OleDbCommand.ExecuteCommandText(Object& executeResult)
   在 System.Data.OleDb.OleDbCommand.ExecuteCommand(CommandBehavior behavior, Object& executeResult)
   在 System.Data.OleDb.OleDbCommand.ExecuteReaderInternal(CommandBehavior behavior, String method)
   在 System.Data.OleDb.OleDbCommand.ExecuteReader(CommandBehavior behavior)
   在 System.Data.OleDb.OleDbCommand.System.Data.IDbCommand.ExecuteReader(CommandBehavior behavior)
   在 System.Data.Common.DbDataAdapter.FillInternal(DataSet dataset, DataTable[] datatables, Int32 startRecord, Int32 maxRecords, String srcTable, IDbCommand command, CommandBehavior behavior)
   在 System.Data.Common.DbDataAdapter.Fill(DataSet dataSet, Int32 startRecord, Int32 maxRecords, String srcTable, IDbCommand command, CommandBehavior behavior)
   在 System.Data.Common.DbDataAdapter.Fill(DataSet dataSet, String srcTable)
   在 YSCMS.DALProfile.DbHelper.ExecuteTable(String connectionString, CommandType cmdType, String cmdText, DbParameter[] commandParameters) 位置 g:\vs2k12\Yuesi\YSCMS.DALProfile\DbHelper.cs:行号 322
   在 YSCMS.DALProfile.DbHelper.ExecuteTable(CommandType cmdType, String cmdText, DbParameter[] commandParameters) 位置 g:\vs2k12\Yuesi\YSCMS.DALProfile\DbHelper.cs:行号 287
   在 YSCMS.AccessDAL.Publish.Gethistory(Int32 Numday) 位置 g:\vs2k12\Yuesi\YSCMS.AccessDAL\Publish.cs:行号 827
   在 YSCMS.Publish.General.PublishHistryIndex(Int32 Numday) 位置 g:\vs2k12\Yuesi\YSCMS.Publish\General.cs:行号 851
【UserName】   【Time】2015-01-20 13:20:55
≡≡≡≡≡≡≡≡≡≡≡≡≡≡≡≡≡≡≡≡≡≡≡≡≡≡≡≡≡≡≡≡≡≡≡≡≡≡≡≡≡≡≡≡≡≡≡≡≡≡
写入文件
【错误描述：】
System.NullReferenceException: 未将对象引用设置到对象的实例。
   在 YSCMS.Publish.General.WriteHtml(String Content, String FilePath) 位置 g:\vs2k12\Yuesi\YSCMS.Publish\General.cs:行号 1728
【UserName】   【Time】2015-01-20 14:33:04
≡≡≡≡≡≡≡≡≡≡≡≡≡≡≡≡≡≡≡≡≡≡≡≡≡≡≡≡≡≡≡≡≡≡≡≡≡≡≡≡≡≡≡≡≡≡≡≡≡≡
□□□ 生成历史文档
【错误描述：】
System.Data.OleDb.OleDbException (0x80040E14): 表达式中 'Getdate' 函数未定义。
   在 System.Data.OleDb.OleDbCommand.ExecuteCommandTextErrorHandling(OleDbHResult hr)
   在 System.Data.OleDb.OleDbCommand.ExecuteCommandTextForSingleResult(tagDBPARAMS dbParams, Object& executeResult)
   在 System.Data.OleDb.OleDbCommand.ExecuteCommandText(Object& executeResult)
   在 System.Data.OleDb.OleDbCommand.ExecuteCommand(CommandBehavior behavior, Object& executeResult)
   在 System.Data.OleDb.OleDbCommand.ExecuteReaderInternal(CommandBehavior behavior, String method)
   在 System.Data.OleDb.OleDbCommand.ExecuteReader(CommandBehavior behavior)
   在 System.Data.OleDb.OleDbCommand.System.Data.IDbCommand.ExecuteReader(CommandBehavior behavior)
   在 System.Data.Common.DbDataAdapter.FillInternal(DataSet dataset, DataTable[] datatables, Int32 startRecord, Int32 maxRecords, String srcTable, IDbCommand command, CommandBehavior behavior)
   在 System.Data.Common.DbDataAdapter.Fill(DataSet dataSet, Int32 startRecord, Int32 maxRecords, String srcTable, IDbCommand command, CommandBehavior behavior)
   在 System.Data.Common.DbDataAdapter.Fill(DataSet dataSet, String srcTable)
   在 YSCMS.DALProfile.DbHelper.ExecuteTable(String connectionString, CommandType cmdType, String cmdText, DbParameter[] commandParameters) 位置 g:\vs2k12\Yuesi\YSCMS.DALProfile\DbHelper.cs:行号 322
   在 YSCMS.DALProfile.DbHelper.ExecuteTable(CommandType cmdType, String cmdText, DbParameter[] commandParameters) 位置 g:\vs2k12\Yuesi\YSCMS.DALProfile\DbHelper.cs:行号 287
   在 YSCMS.AccessDAL.Publish.Gethistory(Int32 Numday) 位置 g:\vs2k12\Yuesi\YSCMS.AccessDAL\Publish.cs:行号 827
   在 YSCMS.Publish.General.PublishHistryIndex(Int32 Numday) 位置 g:\vs2k12\Yuesi\YSCMS.Publish\General.cs:行号 851
【UserName】   【Time】2015-01-20 14:33:04
≡≡≡≡≡≡≡≡≡≡≡≡≡≡≡≡≡≡≡≡≡≡≡≡≡≡≡≡≡≡≡≡≡≡≡≡≡≡≡≡≡≡≡≡≡≡≡≡≡≡
写入文件
【错误描述：】
System.NullReferenceException: 未将对象引用设置到对象的实例。
   在 YSCMS.Publish.General.WriteHtml(String Content, String FilePath) 位置 g:\vs2k12\Yuesi\YSCMS.Publish\General.cs:行号 1728
【UserName】   【Time】2015-01-20 14:33:12
≡≡≡≡≡≡≡≡≡≡≡≡≡≡≡≡≡≡≡≡≡≡≡≡≡≡≡≡≡≡≡≡≡≡≡≡≡≡≡≡≡≡≡≡≡≡≡≡≡≡
写入文件
【错误描述：】
System.NullReferenceException: 未将对象引用设置到对象的实例。
   在 YSCMS.Publish.General.WriteHtml(String Content, String FilePath) 位置 g:\vs2k12\Yuesi\YSCMS.Publish\General.cs:行号 1728
【UserName】   【Time】2015-01-20 14:33:12
≡≡≡≡≡≡≡≡≡≡≡≡≡≡≡≡≡≡≡≡≡≡≡≡≡≡≡≡≡≡≡≡≡≡≡≡≡≡≡≡≡≡≡≡≡≡≡≡≡≡
写入文件
【错误描述：】
System.NullReferenceException: 未将对象引用设置到对象的实例。
   在 YSCMS.Publish.General.WriteHtml(String Content, String FilePath) 位置 g:\vs2k12\Yuesi\YSCMS.Publish\General.cs:行号 1728
【UserName】   【Time】2015-01-20 14:33:12
≡≡≡≡≡≡≡≡≡≡≡≡≡≡≡≡≡≡≡≡≡≡≡≡≡≡≡≡≡≡≡≡≡≡≡≡≡≡≡≡≡≡≡≡≡≡≡≡≡≡
写入文件
【错误描述：】
System.NullReferenceException: 未将对象引用设置到对象的实例。
   在 YSCMS.Publish.General.WriteHtml(String Content, String FilePath) 位置 g:\vs2k12\Yuesi\YSCMS.Publish\General.cs:行号 1728
【UserName】   【Time】2015-01-20 14:33:12
≡≡≡≡≡≡≡≡≡≡≡≡≡≡≡≡≡≡≡≡≡≡≡≡≡≡≡≡≡≡≡≡≡≡≡≡≡≡≡≡≡≡≡≡≡≡≡≡≡≡
写入文件
【错误描述：】
System.NullReferenceException: 未将对象引用设置到对象的实例。
   在 YSCMS.Publish.General.WriteHtml(String Content, String FilePath) 位置 g:\vs2k12\Yuesi\YSCMS.Publish\General.cs:行号 1728
【UserName】   【Time】2015-01-20 14:33:12
≡≡≡≡≡≡≡≡≡≡≡≡≡≡≡≡≡≡≡≡≡≡≡≡≡≡≡≡≡≡≡≡≡≡≡≡≡≡≡≡≡≡≡≡≡≡≡≡≡≡
写入文件
【错误描述：】
System.NullReferenceException: 未将对象引用设置到对象的实例。
   在 YSCMS.Publish.General.WriteHtml(String Content, String FilePath) 位置 g:\vs2k12\Yuesi\YSCMS.Publish\General.cs:行号 1728
【UserName】   【Time】2015-01-20 14:33:12
≡≡≡≡≡≡≡≡≡≡≡≡≡≡≡≡≡≡≡≡≡≡≡≡≡≡≡≡≡≡≡≡≡≡≡≡≡≡≡≡≡≡≡≡≡≡≡≡≡≡
写入文件
【错误描述：】
System.NullReferenceException: 未将对象引用设置到对象的实例。
   在 YSCMS.Publish.General.WriteHtml(String Content, String FilePath) 位置 g:\vs2k12\Yuesi\YSCMS.Publish\General.cs:行号 1728
【UserName】   【Time】2015-01-20 14:33:12
≡≡≡≡≡≡≡≡≡≡≡≡≡≡≡≡≡≡≡≡≡≡≡≡≡≡≡≡≡≡≡≡≡≡≡≡≡≡≡≡≡≡≡≡≡≡≡≡≡≡
写入文件
【错误描述：】
System.NullReferenceException: 未将对象引用设置到对象的实例。
   在 YSCMS.Publish.General.WriteHtml(String Content, String FilePath) 位置 g:\vs2k12\Yuesi\YSCMS.Publish\General.cs:行号 1728
【UserName】   【Time】2015-01-20 14:33:12
≡≡≡≡≡≡≡≡≡≡≡≡≡≡≡≡≡≡≡≡≡≡≡≡≡≡≡≡≡≡≡≡≡≡≡≡≡≡≡≡≡≡≡≡≡≡≡≡≡≡
写入文件
【错误描述：】
System.NullReferenceException: 未将对象引用设置到对象的实例。
   在 YSCMS.Publish.General.WriteHtml(String Content, String FilePath) 位置 g:\vs2k12\Yuesi\YSCMS.Publish\General.cs:行号 1728
【UserName】   【Time】2015-01-20 14:33:12
≡≡≡≡≡≡≡≡≡≡≡≡≡≡≡≡≡≡≡≡≡≡≡≡≡≡≡≡≡≡≡≡≡≡≡≡≡≡≡≡≡≡≡≡≡≡≡≡≡≡
写入文件
【错误描述：】
System.NullReferenceException: 未将对象引用设置到对象的实例。
   在 YSCMS.Publish.General.WriteHtml(String Content, String FilePath) 位置 g:\vs2k12\Yuesi\YSCMS.Publish\General.cs:行号 1728
【UserName】   【Time】2015-01-20 14:33:12
≡≡≡≡≡≡≡≡≡≡≡≡≡≡≡≡≡≡≡≡≡≡≡≡≡≡≡≡≡≡≡≡≡≡≡≡≡≡≡≡≡≡≡≡≡≡≡≡≡≡
写入文件
【错误描述：】
System.NullReferenceException: 未将对象引用设置到对象的实例。
   在 YSCMS.Publish.General.WriteHtml(String Content, String FilePath) 位置 g:\vs2k12\Yuesi\YSCMS.Publish\General.cs:行号 1728
【UserName】   【Time】2015-01-20 14:33:12
≡≡≡≡≡≡≡≡≡≡≡≡≡≡≡≡≡≡≡≡≡≡≡≡≡≡≡≡≡≡≡≡≡≡≡≡≡≡≡≡≡≡≡≡≡≡≡≡≡≡
写入文件
【错误描述：】
System.NullReferenceException: 未将对象引用设置到对象的实例。
   在 YSCMS.Publish.General.WriteHtml(String Content, String FilePath) 位置 g:\vs2k12\Yuesi\YSCMS.Publish\General.cs:行号 1728
【UserName】   【Time】2015-01-20 14:33:12
≡≡≡≡≡≡≡≡≡≡≡≡≡≡≡≡≡≡≡≡≡≡≡≡≡≡≡≡≡≡≡≡≡≡≡≡≡≡≡≡≡≡≡≡≡≡≡≡≡≡
写入文件
【错误描述：】
System.NullReferenceException: 未将对象引用设置到对象的实例。
   在 YSCMS.Publish.General.WriteHtml(String Content, String FilePath) 位置 g:\vs2k12\Yuesi\YSCMS.Publish\General.cs:行号 1728
【UserName】   【Time】2015-01-20 14:33:12
≡≡≡≡≡≡≡≡≡≡≡≡≡≡≡≡≡≡≡≡≡≡≡≡≡≡≡≡≡≡≡≡≡≡≡≡≡≡≡≡≡≡≡≡≡≡≡≡≡≡
写入文件
【错误描述：】
System.NullReferenceException: 未将对象引用设置到对象的实例。
   在 YSCMS.Publish.General.WriteHtml(String Content, String FilePath) 位置 g:\vs2k12\Yuesi\YSCMS.Publish\General.cs:行号 1728
【UserName】   【Time】2015-01-20 14:33:12
≡≡≡≡≡≡≡≡≡≡≡≡≡≡≡≡≡≡≡≡≡≡≡≡≡≡≡≡≡≡≡≡≡≡≡≡≡≡≡≡≡≡≡≡≡≡≡≡≡≡
写入文件
【错误描述：】
System.NullReferenceException: 未将对象引用设置到对象的实例。
   在 YSCMS.Publish.General.WriteHtml(String Content, String FilePath) 位置 g:\vs2k12\Yuesi\YSCMS.Publish\General.cs:行号 1728
【UserName】   【Time】2015-01-20 14:33:12
≡≡≡≡≡≡≡≡≡≡≡≡≡≡≡≡≡≡≡≡≡≡≡≡≡≡≡≡≡≡≡≡≡≡≡≡≡≡≡≡≡≡≡≡≡≡≡≡≡≡
写入文件
【错误描述：】
System.NullReferenceException: 未将对象引用设置到对象的实例。
   在 YSCMS.Publish.General.WriteHtml(String Content, String FilePath) 位置 g:\vs2k12\Yuesi\YSCMS.Publish\General.cs:行号 1728
【UserName】   【Time】2015-01-20 14:33:12
≡≡≡≡≡≡≡≡≡≡≡≡≡≡≡≡≡≡≡≡≡≡≡≡≡≡≡≡≡≡≡≡≡≡≡≡≡≡≡≡≡≡≡≡≡≡≡≡≡≡
写入文件
【错误描述：】
System.NullReferenceException: 未将对象引用设置到对象的实例。
   在 YSCMS.Publish.General.WriteHtml(String Content, String FilePath) 位置 g:\vs2k12\Yuesi\YSCMS.Publish\General.cs:行号 1728
【UserName】   【Time】2015-01-20 14:33:12
≡≡≡≡≡≡≡≡≡≡≡≡≡≡≡≡≡≡≡≡≡≡≡≡≡≡≡≡≡≡≡≡≡≡≡≡≡≡≡≡≡≡≡≡≡≡≡≡≡≡
写入文件
【错误描述：】
System.NullReferenceException: 未将对象引用设置到对象的实例。
   在 YSCMS.Publish.General.WriteHtml(String Content, String FilePath) 位置 g:\vs2k12\Yuesi\YSCMS.Publish\General.cs:行号 1728
【UserName】   【Time】2015-01-20 14:33:12
≡≡≡≡≡≡≡≡≡≡≡≡≡≡≡≡≡≡≡≡≡≡≡≡≡≡≡≡≡≡≡≡≡≡≡≡≡≡≡≡≡≡≡≡≡≡≡≡≡≡
写入文件
【错误描述：】
System.NullReferenceException: 未将对象引用设置到对象的实例。
   在 YSCMS.Publish.General.WriteHtml(String Content, String FilePath) 位置 g:\vs2k12\Yuesi\YSCMS.Publish\General.cs:行号 1728
【UserName】   【Time】2015-01-20 14:34:19
≡≡≡≡≡≡≡≡≡≡≡≡≡≡≡≡≡≡≡≡≡≡≡≡≡≡≡≡≡≡≡≡≡≡≡≡≡≡≡≡≡≡≡≡≡≡≡≡≡≡
□□□ 生成历史文档
【错误描述：】
System.Data.OleDb.OleDbException (0x80040E14): 表达式中 'Getdate' 函数未定义。
   在 System.Data.OleDb.OleDbCommand.ExecuteCommandTextErrorHandling(OleDbHResult hr)
   在 System.Data.OleDb.OleDbCommand.ExecuteCommandTextForSingleResult(tagDBPARAMS dbParams, Object& executeResult)
   在 System.Data.OleDb.OleDbCommand.ExecuteCommandText(Object& executeResult)
   在 System.Data.OleDb.OleDbCommand.ExecuteCommand(CommandBehavior behavior, Object& executeResult)
   在 System.Data.OleDb.OleDbCommand.ExecuteReaderInternal(CommandBehavior behavior, String method)
   在 System.Data.OleDb.OleDbCommand.ExecuteReader(CommandBehavior behavior)
   在 System.Data.OleDb.OleDbCommand.System.Data.IDbCommand.ExecuteReader(CommandBehavior behavior)
   在 System.Data.Common.DbDataAdapter.FillInternal(DataSet dataset, DataTable[] datatables, Int32 startRecord, Int32 maxRecords, String srcTable, IDbCommand command, CommandBehavior behavior)
   在 System.Data.Common.DbDataAdapter.Fill(DataSet dataSet, Int32 startRecord, Int32 maxRecords, String srcTable, IDbCommand command, CommandBehavior behavior)
   在 System.Data.Common.DbDataAdapter.Fill(DataSet dataSet, String srcTable)
   在 YSCMS.DALProfile.DbHelper.ExecuteTable(String connectionString, CommandType cmdType, String cmdText, DbParameter[] commandParameters) 位置 g:\vs2k12\Yuesi\YSCMS.DALProfile\DbHelper.cs:行号 322
   在 YSCMS.DALProfile.DbHelper.ExecuteTable(CommandType cmdType, String cmdText, DbParameter[] commandParameters) 位置 g:\vs2k12\Yuesi\YSCMS.DALProfile\DbHelper.cs:行号 287
   在 YSCMS.AccessDAL.Publish.Gethistory(Int32 Numday) 位置 g:\vs2k12\Yuesi\YSCMS.AccessDAL\Publish.cs:行号 827
   在 YSCMS.Publish.General.PublishHistryIndex(Int32 Numday) 位置 g:\vs2k12\Yuesi\YSCMS.Publish\General.cs:行号 851
【UserName】   【Time】2015-01-20 14:34:19
≡≡≡≡≡≡≡≡≡≡≡≡≡≡≡≡≡≡≡≡≡≡≡≡≡≡≡≡≡≡≡≡≡≡≡≡≡≡≡≡≡≡≡≡≡≡≡≡≡≡
写入文件
【错误描述：】
System.NullReferenceException: 未将对象引用设置到对象的实例。
   在 YSCMS.Publish.General.WriteHtml(String Content, String FilePath) 位置 g:\vs2k12\Yuesi\YSCMS.Publish\General.cs:行号 1728
【UserName】   【Time】2015-01-20 14:35:30
≡≡≡≡≡≡≡≡≡≡≡≡≡≡≡≡≡≡≡≡≡≡≡≡≡≡≡≡≡≡≡≡≡≡≡≡≡≡≡≡≡≡≡≡≡≡≡≡≡≡
写入文件
【错误描述：】
System.NullReferenceException: 未将对象引用设置到对象的实例。
   在 YSCMS.Publish.General.WriteHtml(String Content, String FilePath) 位置 g:\vs2k12\Yuesi\YSCMS.Publish\General.cs:行号 1728
【UserName】   【Time】2015-01-20 14:43:47
≡≡≡≡≡≡≡≡≡≡≡≡≡≡≡≡≡≡≡≡≡≡≡≡≡≡≡≡≡≡≡≡≡≡≡≡≡≡≡≡≡≡≡≡≡≡≡≡≡≡
□□□ 生成历史文档
【错误描述：】
System.Data.OleDb.OleDbException (0x80040E14): 表达式中 'Getdate' 函数未定义。
   在 System.Data.OleDb.OleDbCommand.ExecuteCommandTextErrorHandling(OleDbHResult hr)
   在 System.Data.OleDb.OleDbCommand.ExecuteCommandTextForSingleResult(tagDBPARAMS dbParams, Object& executeResult)
   在 System.Data.OleDb.OleDbCommand.ExecuteCommandText(Object& executeResult)
   在 System.Data.OleDb.OleDbCommand.ExecuteCommand(CommandBehavior behavior, Object& executeResult)
   在 System.Data.OleDb.OleDbCommand.ExecuteReaderInternal(CommandBehavior behavior, String method)
   在 System.Data.OleDb.OleDbCommand.ExecuteReader(CommandBehavior behavior)
   在 System.Data.OleDb.OleDbCommand.System.Data.IDbCommand.ExecuteReader(CommandBehavior behavior)
   在 System.Data.Common.DbDataAdapter.FillInternal(DataSet dataset, DataTable[] datatables, Int32 startRecord, Int32 maxRecords, String srcTable, IDbCommand command, CommandBehavior behavior)
   在 System.Data.Common.DbDataAdapter.Fill(DataSet dataSet, Int32 startRecord, Int32 maxRecords, String srcTable, IDbCommand command, CommandBehavior behavior)
   在 System.Data.Common.DbDataAdapter.Fill(DataSet dataSet, String srcTable)
   在 YSCMS.DALProfile.DbHelper.ExecuteTable(String connectionString, CommandType cmdType, String cmdText, DbParameter[] commandParameters) 位置 g:\vs2k12\Yuesi\YSCMS.DALProfile\DbHelper.cs:行号 322
   在 YSCMS.DALProfile.DbHelper.ExecuteTable(CommandType cmdType, String cmdText, DbParameter[] commandParameters) 位置 g:\vs2k12\Yuesi\YSCMS.DALProfile\DbHelper.cs:行号 287
   在 YSCMS.AccessDAL.Publish.Gethistory(Int32 Numday) 位置 g:\vs2k12\Yuesi\YSCMS.AccessDAL\Publish.cs:行号 827
   在 YSCMS.Publish.General.PublishHistryIndex(Int32 Numday) 位置 g:\vs2k12\Yuesi\YSCMS.Publish\General.cs:行号 851
【UserName】   【Time】2015-01-20 14:43:47
≡≡≡≡≡≡≡≡≡≡≡≡≡≡≡≡≡≡≡≡≡≡≡≡≡≡≡≡≡≡≡≡≡≡≡≡≡≡≡≡≡≡≡≡≡≡≡≡≡≡
