写入文件
【错误描述：】
System.NullReferenceException: 未将对象引用设置到对象的实例。
   在 YSCMS.Publish.General.WriteHtml(String Content, String FilePath) 位置 g:\vs2k12\Yuesi\YSCMS.Publish\General.cs:行号 1728
【UserName】   【Time】2015-01-21 14:12:40
≡≡≡≡≡≡≡≡≡≡≡≡≡≡≡≡≡≡≡≡≡≡≡≡≡≡≡≡≡≡≡≡≡≡≡≡≡≡≡≡≡≡≡≡≡≡≡≡≡≡
□□□ 生成历史文档
【错误描述：】
System.Data.OleDb.OleDbException (0x80040E14): 表达式中 'Getdate' 函数未定义。
   在 System.Data.OleDb.OleDbCommand.ExecuteCommandTextErrorHandling(OleDbHResult hr)
   在 System.Data.OleDb.OleDbCommand.ExecuteCommandTextForSingleResult(tagDBPARAMS dbParams, Object& executeResult)
   在 System.Data.OleDb.OleDbCommand.ExecuteCommandText(Object& executeResult)
   在 System.Data.OleDb.OleDbCommand.ExecuteCommand(CommandBehavior behavior, Object& executeResult)
   在 System.Data.OleDb.OleDbCommand.ExecuteReaderInternal(CommandBehavior behavior, String method)
   在 System.Data.OleDb.OleDbCommand.ExecuteReader(CommandBehavior behavior)
   在 System.Data.OleDb.OleDbCommand.System.Data.IDbCommand.ExecuteReader(CommandBehavior behavior)
   在 System.Data.Common.DbDataAdapter.FillInternal(DataSet dataset, DataTable[] datatables, Int32 startRecord, Int32 maxRecords, String srcTable, IDbCommand command, CommandBehavior behavior)
   在 System.Data.Common.DbDataAdapter.Fill(DataSet dataSet, Int32 startRecord, Int32 maxRecords, String srcTable, IDbCommand command, CommandBehavior behavior)
   在 System.Data.Common.DbDataAdapter.Fill(DataSet dataSet, String srcTable)
   在 YSCMS.DALProfile.DbHelper.ExecuteTable(String connectionString, CommandType cmdType, String cmdText, DbParameter[] commandParameters) 位置 g:\vs2k12\Yuesi\YSCMS.DALProfile\DbHelper.cs:行号 322
   在 YSCMS.DALProfile.DbHelper.ExecuteTable(CommandType cmdType, String cmdText, DbParameter[] commandParameters) 位置 g:\vs2k12\Yuesi\YSCMS.DALProfile\DbHelper.cs:行号 287
   在 YSCMS.AccessDAL.Publish.Gethistory(Int32 Numday) 位置 g:\vs2k12\Yuesi\YSCMS.AccessDAL\Publish.cs:行号 827
   在 YSCMS.Publish.General.PublishHistryIndex(Int32 Numday) 位置 g:\vs2k12\Yuesi\YSCMS.Publish\General.cs:行号 851
【UserName】   【Time】2015-01-21 14:12:41
≡≡≡≡≡≡≡≡≡≡≡≡≡≡≡≡≡≡≡≡≡≡≡≡≡≡≡≡≡≡≡≡≡≡≡≡≡≡≡≡≡≡≡≡≡≡≡≡≡≡
写入文件
【错误描述：】
System.NullReferenceException: 未将对象引用设置到对象的实例。
   在 YSCMS.Publish.General.WriteHtml(String Content, String FilePath) 位置 g:\vs2k12\Yuesi\YSCMS.Publish\General.cs:行号 1728
【UserName】   【Time】2015-01-21 14:12:48
≡≡≡≡≡≡≡≡≡≡≡≡≡≡≡≡≡≡≡≡≡≡≡≡≡≡≡≡≡≡≡≡≡≡≡≡≡≡≡≡≡≡≡≡≡≡≡≡≡≡
写入文件
【错误描述：】
System.NullReferenceException: 未将对象引用设置到对象的实例。
   在 YSCMS.Publish.General.WriteHtml(String Content, String FilePath) 位置 g:\vs2k12\Yuesi\YSCMS.Publish\General.cs:行号 1728
【UserName】   【Time】2015-01-21 14:12:48
≡≡≡≡≡≡≡≡≡≡≡≡≡≡≡≡≡≡≡≡≡≡≡≡≡≡≡≡≡≡≡≡≡≡≡≡≡≡≡≡≡≡≡≡≡≡≡≡≡≡
写入文件
【错误描述：】
System.NullReferenceException: 未将对象引用设置到对象的实例。
   在 YSCMS.Publish.General.WriteHtml(String Content, String FilePath) 位置 g:\vs2k12\Yuesi\YSCMS.Publish\General.cs:行号 1728
【UserName】   【Time】2015-01-21 14:12:48
≡≡≡≡≡≡≡≡≡≡≡≡≡≡≡≡≡≡≡≡≡≡≡≡≡≡≡≡≡≡≡≡≡≡≡≡≡≡≡≡≡≡≡≡≡≡≡≡≡≡
写入文件
【错误描述：】
System.NullReferenceException: 未将对象引用设置到对象的实例。
   在 YSCMS.Publish.General.WriteHtml(String Content, String FilePath) 位置 g:\vs2k12\Yuesi\YSCMS.Publish\General.cs:行号 1728
【UserName】   【Time】2015-01-21 14:12:48
≡≡≡≡≡≡≡≡≡≡≡≡≡≡≡≡≡≡≡≡≡≡≡≡≡≡≡≡≡≡≡≡≡≡≡≡≡≡≡≡≡≡≡≡≡≡≡≡≡≡
写入文件
【错误描述：】
System.NullReferenceException: 未将对象引用设置到对象的实例。
   在 YSCMS.Publish.General.WriteHtml(String Content, String FilePath) 位置 g:\vs2k12\Yuesi\YSCMS.Publish\General.cs:行号 1728
【UserName】   【Time】2015-01-21 14:12:48
≡≡≡≡≡≡≡≡≡≡≡≡≡≡≡≡≡≡≡≡≡≡≡≡≡≡≡≡≡≡≡≡≡≡≡≡≡≡≡≡≡≡≡≡≡≡≡≡≡≡
写入文件
【错误描述：】
System.NullReferenceException: 未将对象引用设置到对象的实例。
   在 YSCMS.Publish.General.WriteHtml(String Content, String FilePath) 位置 g:\vs2k12\Yuesi\YSCMS.Publish\General.cs:行号 1728
【UserName】   【Time】2015-01-21 14:12:49
≡≡≡≡≡≡≡≡≡≡≡≡≡≡≡≡≡≡≡≡≡≡≡≡≡≡≡≡≡≡≡≡≡≡≡≡≡≡≡≡≡≡≡≡≡≡≡≡≡≡
写入文件
【错误描述：】
System.NullReferenceException: 未将对象引用设置到对象的实例。
   在 YSCMS.Publish.General.WriteHtml(String Content, String FilePath) 位置 g:\vs2k12\Yuesi\YSCMS.Publish\General.cs:行号 1728
【UserName】   【Time】2015-01-21 14:12:49
≡≡≡≡≡≡≡≡≡≡≡≡≡≡≡≡≡≡≡≡≡≡≡≡≡≡≡≡≡≡≡≡≡≡≡≡≡≡≡≡≡≡≡≡≡≡≡≡≡≡
写入文件
【错误描述：】
System.NullReferenceException: 未将对象引用设置到对象的实例。
   在 YSCMS.Publish.General.WriteHtml(String Content, String FilePath) 位置 g:\vs2k12\Yuesi\YSCMS.Publish\General.cs:行号 1728
【UserName】   【Time】2015-01-21 14:12:49
≡≡≡≡≡≡≡≡≡≡≡≡≡≡≡≡≡≡≡≡≡≡≡≡≡≡≡≡≡≡≡≡≡≡≡≡≡≡≡≡≡≡≡≡≡≡≡≡≡≡
写入文件
【错误描述：】
System.NullReferenceException: 未将对象引用设置到对象的实例。
   在 YSCMS.Publish.General.WriteHtml(String Content, String FilePath) 位置 g:\vs2k12\Yuesi\YSCMS.Publish\General.cs:行号 1728
【UserName】   【Time】2015-01-21 14:12:49
≡≡≡≡≡≡≡≡≡≡≡≡≡≡≡≡≡≡≡≡≡≡≡≡≡≡≡≡≡≡≡≡≡≡≡≡≡≡≡≡≡≡≡≡≡≡≡≡≡≡
写入文件
【错误描述：】
System.NullReferenceException: 未将对象引用设置到对象的实例。
   在 YSCMS.Publish.General.WriteHtml(String Content, String FilePath) 位置 g:\vs2k12\Yuesi\YSCMS.Publish\General.cs:行号 1728
【UserName】   【Time】2015-01-21 14:12:49
≡≡≡≡≡≡≡≡≡≡≡≡≡≡≡≡≡≡≡≡≡≡≡≡≡≡≡≡≡≡≡≡≡≡≡≡≡≡≡≡≡≡≡≡≡≡≡≡≡≡
写入文件
【错误描述：】
System.NullReferenceException: 未将对象引用设置到对象的实例。
   在 YSCMS.Publish.General.WriteHtml(String Content, String FilePath) 位置 g:\vs2k12\Yuesi\YSCMS.Publish\General.cs:行号 1728
【UserName】   【Time】2015-01-21 14:12:49
≡≡≡≡≡≡≡≡≡≡≡≡≡≡≡≡≡≡≡≡≡≡≡≡≡≡≡≡≡≡≡≡≡≡≡≡≡≡≡≡≡≡≡≡≡≡≡≡≡≡
写入文件
【错误描述：】
System.NullReferenceException: 未将对象引用设置到对象的实例。
   在 YSCMS.Publish.General.WriteHtml(String Content, String FilePath) 位置 g:\vs2k12\Yuesi\YSCMS.Publish\General.cs:行号 1728
【UserName】   【Time】2015-01-21 14:12:49
≡≡≡≡≡≡≡≡≡≡≡≡≡≡≡≡≡≡≡≡≡≡≡≡≡≡≡≡≡≡≡≡≡≡≡≡≡≡≡≡≡≡≡≡≡≡≡≡≡≡
写入文件
【错误描述：】
System.NullReferenceException: 未将对象引用设置到对象的实例。
   在 YSCMS.Publish.General.WriteHtml(String Content, String FilePath) 位置 g:\vs2k12\Yuesi\YSCMS.Publish\General.cs:行号 1728
【UserName】   【Time】2015-01-21 14:12:49
≡≡≡≡≡≡≡≡≡≡≡≡≡≡≡≡≡≡≡≡≡≡≡≡≡≡≡≡≡≡≡≡≡≡≡≡≡≡≡≡≡≡≡≡≡≡≡≡≡≡
写入文件
【错误描述：】
System.NullReferenceException: 未将对象引用设置到对象的实例。
   在 YSCMS.Publish.General.WriteHtml(String Content, String FilePath) 位置 g:\vs2k12\Yuesi\YSCMS.Publish\General.cs:行号 1728
【UserName】   【Time】2015-01-21 14:12:49
≡≡≡≡≡≡≡≡≡≡≡≡≡≡≡≡≡≡≡≡≡≡≡≡≡≡≡≡≡≡≡≡≡≡≡≡≡≡≡≡≡≡≡≡≡≡≡≡≡≡
写入文件
【错误描述：】
System.NullReferenceException: 未将对象引用设置到对象的实例。
   在 YSCMS.Publish.General.WriteHtml(String Content, String FilePath) 位置 g:\vs2k12\Yuesi\YSCMS.Publish\General.cs:行号 1728
【UserName】   【Time】2015-01-21 14:12:49
≡≡≡≡≡≡≡≡≡≡≡≡≡≡≡≡≡≡≡≡≡≡≡≡≡≡≡≡≡≡≡≡≡≡≡≡≡≡≡≡≡≡≡≡≡≡≡≡≡≡
写入文件
【错误描述：】
System.NullReferenceException: 未将对象引用设置到对象的实例。
   在 YSCMS.Publish.General.WriteHtml(String Content, String FilePath) 位置 g:\vs2k12\Yuesi\YSCMS.Publish\General.cs:行号 1728
【UserName】   【Time】2015-01-21 14:12:49
≡≡≡≡≡≡≡≡≡≡≡≡≡≡≡≡≡≡≡≡≡≡≡≡≡≡≡≡≡≡≡≡≡≡≡≡≡≡≡≡≡≡≡≡≡≡≡≡≡≡
写入文件
【错误描述：】
System.NullReferenceException: 未将对象引用设置到对象的实例。
   在 YSCMS.Publish.General.WriteHtml(String Content, String FilePath) 位置 g:\vs2k12\Yuesi\YSCMS.Publish\General.cs:行号 1728
【UserName】   【Time】2015-01-21 14:12:49
≡≡≡≡≡≡≡≡≡≡≡≡≡≡≡≡≡≡≡≡≡≡≡≡≡≡≡≡≡≡≡≡≡≡≡≡≡≡≡≡≡≡≡≡≡≡≡≡≡≡
写入文件
【错误描述：】
System.NullReferenceException: 未将对象引用设置到对象的实例。
   在 YSCMS.Publish.General.WriteHtml(String Content, String FilePath) 位置 g:\vs2k12\Yuesi\YSCMS.Publish\General.cs:行号 1728
【UserName】   【Time】2015-01-21 14:12:49
≡≡≡≡≡≡≡≡≡≡≡≡≡≡≡≡≡≡≡≡≡≡≡≡≡≡≡≡≡≡≡≡≡≡≡≡≡≡≡≡≡≡≡≡≡≡≡≡≡≡
写入文件
【错误描述：】
System.NullReferenceException: 未将对象引用设置到对象的实例。
   在 YSCMS.Publish.General.WriteHtml(String Content, String FilePath) 位置 g:\vs2k12\Yuesi\YSCMS.Publish\General.cs:行号 1728
【UserName】   【Time】2015-01-21 14:13:00
≡≡≡≡≡≡≡≡≡≡≡≡≡≡≡≡≡≡≡≡≡≡≡≡≡≡≡≡≡≡≡≡≡≡≡≡≡≡≡≡≡≡≡≡≡≡≡≡≡≡
□□□ 生成历史文档
【错误描述：】
System.Data.OleDb.OleDbException (0x80040E14): 表达式中 'Getdate' 函数未定义。
   在 System.Data.OleDb.OleDbCommand.ExecuteCommandTextErrorHandling(OleDbHResult hr)
   在 System.Data.OleDb.OleDbCommand.ExecuteCommandTextForSingleResult(tagDBPARAMS dbParams, Object& executeResult)
   在 System.Data.OleDb.OleDbCommand.ExecuteCommandText(Object& executeResult)
   在 System.Data.OleDb.OleDbCommand.ExecuteCommand(CommandBehavior behavior, Object& executeResult)
   在 System.Data.OleDb.OleDbCommand.ExecuteReaderInternal(CommandBehavior behavior, String method)
   在 System.Data.OleDb.OleDbCommand.ExecuteReader(CommandBehavior behavior)
   在 System.Data.OleDb.OleDbCommand.System.Data.IDbCommand.ExecuteReader(CommandBehavior behavior)
   在 System.Data.Common.DbDataAdapter.FillInternal(DataSet dataset, DataTable[] datatables, Int32 startRecord, Int32 maxRecords, String srcTable, IDbCommand command, CommandBehavior behavior)
   在 System.Data.Common.DbDataAdapter.Fill(DataSet dataSet, Int32 startRecord, Int32 maxRecords, String srcTable, IDbCommand command, CommandBehavior behavior)
   在 System.Data.Common.DbDataAdapter.Fill(DataSet dataSet, String srcTable)
   在 YSCMS.DALProfile.DbHelper.ExecuteTable(String connectionString, CommandType cmdType, String cmdText, DbParameter[] commandParameters) 位置 g:\vs2k12\Yuesi\YSCMS.DALProfile\DbHelper.cs:行号 322
   在 YSCMS.DALProfile.DbHelper.ExecuteTable(CommandType cmdType, String cmdText, DbParameter[] commandParameters) 位置 g:\vs2k12\Yuesi\YSCMS.DALProfile\DbHelper.cs:行号 287
   在 YSCMS.AccessDAL.Publish.Gethistory(Int32 Numday) 位置 g:\vs2k12\Yuesi\YSCMS.AccessDAL\Publish.cs:行号 827
   在 YSCMS.Publish.General.PublishHistryIndex(Int32 Numday) 位置 g:\vs2k12\Yuesi\YSCMS.Publish\General.cs:行号 851
【UserName】   【Time】2015-01-21 14:13:00
≡≡≡≡≡≡≡≡≡≡≡≡≡≡≡≡≡≡≡≡≡≡≡≡≡≡≡≡≡≡≡≡≡≡≡≡≡≡≡≡≡≡≡≡≡≡≡≡≡≡
写入文件
【错误描述：】
System.NullReferenceException: 未将对象引用设置到对象的实例。
   在 YSCMS.Publish.General.WriteHtml(String Content, String FilePath) 位置 g:\vs2k12\Yuesi\YSCMS.Publish\General.cs:行号 1728
【UserName】   【Time】2015-01-21 14:59:13
≡≡≡≡≡≡≡≡≡≡≡≡≡≡≡≡≡≡≡≡≡≡≡≡≡≡≡≡≡≡≡≡≡≡≡≡≡≡≡≡≡≡≡≡≡≡≡≡≡≡
写入文件
【错误描述：】
System.NullReferenceException: 未将对象引用设置到对象的实例。
   在 YSCMS.Publish.General.WriteHtml(String Content, String FilePath) 位置 g:\vs2k12\Yuesi\YSCMS.Publish\General.cs:行号 1728
【UserName】   【Time】2015-01-21 14:59:13
≡≡≡≡≡≡≡≡≡≡≡≡≡≡≡≡≡≡≡≡≡≡≡≡≡≡≡≡≡≡≡≡≡≡≡≡≡≡≡≡≡≡≡≡≡≡≡≡≡≡
写入文件
【错误描述：】
System.NullReferenceException: 未将对象引用设置到对象的实例。
   在 YSCMS.Publish.General.WriteHtml(String Content, String FilePath) 位置 g:\vs2k12\Yuesi\YSCMS.Publish\General.cs:行号 1728
【UserName】   【Time】2015-01-21 14:59:13
≡≡≡≡≡≡≡≡≡≡≡≡≡≡≡≡≡≡≡≡≡≡≡≡≡≡≡≡≡≡≡≡≡≡≡≡≡≡≡≡≡≡≡≡≡≡≡≡≡≡
写入文件
【错误描述：】
System.NullReferenceException: 未将对象引用设置到对象的实例。
   在 YSCMS.Publish.General.WriteHtml(String Content, String FilePath) 位置 g:\vs2k12\Yuesi\YSCMS.Publish\General.cs:行号 1728
【UserName】   【Time】2015-01-21 14:59:13
≡≡≡≡≡≡≡≡≡≡≡≡≡≡≡≡≡≡≡≡≡≡≡≡≡≡≡≡≡≡≡≡≡≡≡≡≡≡≡≡≡≡≡≡≡≡≡≡≡≡
写入文件
【错误描述：】
System.NullReferenceException: 未将对象引用设置到对象的实例。
   在 YSCMS.Publish.General.WriteHtml(String Content, String FilePath) 位置 g:\vs2k12\Yuesi\YSCMS.Publish\General.cs:行号 1728
【UserName】   【Time】2015-01-21 14:59:13
≡≡≡≡≡≡≡≡≡≡≡≡≡≡≡≡≡≡≡≡≡≡≡≡≡≡≡≡≡≡≡≡≡≡≡≡≡≡≡≡≡≡≡≡≡≡≡≡≡≡
写入文件
【错误描述：】
System.NullReferenceException: 未将对象引用设置到对象的实例。
   在 YSCMS.Publish.General.WriteHtml(String Content, String FilePath) 位置 g:\vs2k12\Yuesi\YSCMS.Publish\General.cs:行号 1728
【UserName】   【Time】2015-01-21 14:59:13
≡≡≡≡≡≡≡≡≡≡≡≡≡≡≡≡≡≡≡≡≡≡≡≡≡≡≡≡≡≡≡≡≡≡≡≡≡≡≡≡≡≡≡≡≡≡≡≡≡≡
写入文件
【错误描述：】
System.NullReferenceException: 未将对象引用设置到对象的实例。
   在 YSCMS.Publish.General.WriteHtml(String Content, String FilePath) 位置 g:\vs2k12\Yuesi\YSCMS.Publish\General.cs:行号 1728
【UserName】   【Time】2015-01-21 14:59:13
≡≡≡≡≡≡≡≡≡≡≡≡≡≡≡≡≡≡≡≡≡≡≡≡≡≡≡≡≡≡≡≡≡≡≡≡≡≡≡≡≡≡≡≡≡≡≡≡≡≡
写入文件
【错误描述：】
System.NullReferenceException: 未将对象引用设置到对象的实例。
   在 YSCMS.Publish.General.WriteHtml(String Content, String FilePath) 位置 g:\vs2k12\Yuesi\YSCMS.Publish\General.cs:行号 1728
【UserName】   【Time】2015-01-21 14:59:13
≡≡≡≡≡≡≡≡≡≡≡≡≡≡≡≡≡≡≡≡≡≡≡≡≡≡≡≡≡≡≡≡≡≡≡≡≡≡≡≡≡≡≡≡≡≡≡≡≡≡
写入文件
【错误描述：】
System.NullReferenceException: 未将对象引用设置到对象的实例。
   在 YSCMS.Publish.General.WriteHtml(String Content, String FilePath) 位置 g:\vs2k12\Yuesi\YSCMS.Publish\General.cs:行号 1728
【UserName】   【Time】2015-01-21 14:59:13
≡≡≡≡≡≡≡≡≡≡≡≡≡≡≡≡≡≡≡≡≡≡≡≡≡≡≡≡≡≡≡≡≡≡≡≡≡≡≡≡≡≡≡≡≡≡≡≡≡≡
写入文件
【错误描述：】
System.NullReferenceException: 未将对象引用设置到对象的实例。
   在 YSCMS.Publish.General.WriteHtml(String Content, String FilePath) 位置 g:\vs2k12\Yuesi\YSCMS.Publish\General.cs:行号 1728
【UserName】   【Time】2015-01-21 14:59:13
≡≡≡≡≡≡≡≡≡≡≡≡≡≡≡≡≡≡≡≡≡≡≡≡≡≡≡≡≡≡≡≡≡≡≡≡≡≡≡≡≡≡≡≡≡≡≡≡≡≡
写入文件
【错误描述：】
System.NullReferenceException: 未将对象引用设置到对象的实例。
   在 YSCMS.Publish.General.WriteHtml(String Content, String FilePath) 位置 g:\vs2k12\Yuesi\YSCMS.Publish\General.cs:行号 1728
【UserName】   【Time】2015-01-21 14:59:13
≡≡≡≡≡≡≡≡≡≡≡≡≡≡≡≡≡≡≡≡≡≡≡≡≡≡≡≡≡≡≡≡≡≡≡≡≡≡≡≡≡≡≡≡≡≡≡≡≡≡
写入文件
【错误描述：】
System.NullReferenceException: 未将对象引用设置到对象的实例。
   在 YSCMS.Publish.General.WriteHtml(String Content, String FilePath) 位置 g:\vs2k12\Yuesi\YSCMS.Publish\General.cs:行号 1728
【UserName】   【Time】2015-01-21 14:59:13
≡≡≡≡≡≡≡≡≡≡≡≡≡≡≡≡≡≡≡≡≡≡≡≡≡≡≡≡≡≡≡≡≡≡≡≡≡≡≡≡≡≡≡≡≡≡≡≡≡≡
写入文件
【错误描述：】
System.NullReferenceException: 未将对象引用设置到对象的实例。
   在 YSCMS.Publish.General.WriteHtml(String Content, String FilePath) 位置 g:\vs2k12\Yuesi\YSCMS.Publish\General.cs:行号 1728
【UserName】   【Time】2015-01-21 14:59:14
≡≡≡≡≡≡≡≡≡≡≡≡≡≡≡≡≡≡≡≡≡≡≡≡≡≡≡≡≡≡≡≡≡≡≡≡≡≡≡≡≡≡≡≡≡≡≡≡≡≡
写入文件
【错误描述：】
System.NullReferenceException: 未将对象引用设置到对象的实例。
   在 YSCMS.Publish.General.WriteHtml(String Content, String FilePath) 位置 g:\vs2k12\Yuesi\YSCMS.Publish\General.cs:行号 1728
【UserName】   【Time】2015-01-21 14:59:14
≡≡≡≡≡≡≡≡≡≡≡≡≡≡≡≡≡≡≡≡≡≡≡≡≡≡≡≡≡≡≡≡≡≡≡≡≡≡≡≡≡≡≡≡≡≡≡≡≡≡
写入文件
【错误描述：】
System.NullReferenceException: 未将对象引用设置到对象的实例。
   在 YSCMS.Publish.General.WriteHtml(String Content, String FilePath) 位置 g:\vs2k12\Yuesi\YSCMS.Publish\General.cs:行号 1728
【UserName】   【Time】2015-01-21 14:59:14
≡≡≡≡≡≡≡≡≡≡≡≡≡≡≡≡≡≡≡≡≡≡≡≡≡≡≡≡≡≡≡≡≡≡≡≡≡≡≡≡≡≡≡≡≡≡≡≡≡≡
写入文件
【错误描述：】
System.NullReferenceException: 未将对象引用设置到对象的实例。
   在 YSCMS.Publish.General.WriteHtml(String Content, String FilePath) 位置 g:\vs2k12\Yuesi\YSCMS.Publish\General.cs:行号 1728
【UserName】   【Time】2015-01-21 14:59:14
≡≡≡≡≡≡≡≡≡≡≡≡≡≡≡≡≡≡≡≡≡≡≡≡≡≡≡≡≡≡≡≡≡≡≡≡≡≡≡≡≡≡≡≡≡≡≡≡≡≡
写入文件
【错误描述：】
System.NullReferenceException: 未将对象引用设置到对象的实例。
   在 YSCMS.Publish.General.WriteHtml(String Content, String FilePath) 位置 g:\vs2k12\Yuesi\YSCMS.Publish\General.cs:行号 1728
【UserName】   【Time】2015-01-21 14:59:14
≡≡≡≡≡≡≡≡≡≡≡≡≡≡≡≡≡≡≡≡≡≡≡≡≡≡≡≡≡≡≡≡≡≡≡≡≡≡≡≡≡≡≡≡≡≡≡≡≡≡
写入文件
【错误描述：】
System.NullReferenceException: 未将对象引用设置到对象的实例。
   在 YSCMS.Publish.General.WriteHtml(String Content, String FilePath) 位置 g:\vs2k12\Yuesi\YSCMS.Publish\General.cs:行号 1728
【UserName】   【Time】2015-01-21 14:59:14
≡≡≡≡≡≡≡≡≡≡≡≡≡≡≡≡≡≡≡≡≡≡≡≡≡≡≡≡≡≡≡≡≡≡≡≡≡≡≡≡≡≡≡≡≡≡≡≡≡≡
写入文件
【错误描述：】
System.NullReferenceException: 未将对象引用设置到对象的实例。
   在 YSCMS.Publish.General.WriteHtml(String Content, String FilePath) 位置 g:\vs2k12\Yuesi\YSCMS.Publish\General.cs:行号 1728
【UserName】   【Time】2015-01-21 14:59:31
≡≡≡≡≡≡≡≡≡≡≡≡≡≡≡≡≡≡≡≡≡≡≡≡≡≡≡≡≡≡≡≡≡≡≡≡≡≡≡≡≡≡≡≡≡≡≡≡≡≡
□□□ 生成历史文档
【错误描述：】
System.Data.OleDb.OleDbException (0x80040E14): 表达式中 'Getdate' 函数未定义。
   在 System.Data.OleDb.OleDbCommand.ExecuteCommandTextErrorHandling(OleDbHResult hr)
   在 System.Data.OleDb.OleDbCommand.ExecuteCommandTextForSingleResult(tagDBPARAMS dbParams, Object& executeResult)
   在 System.Data.OleDb.OleDbCommand.ExecuteCommandText(Object& executeResult)
   在 System.Data.OleDb.OleDbCommand.ExecuteCommand(CommandBehavior behavior, Object& executeResult)
   在 System.Data.OleDb.OleDbCommand.ExecuteReaderInternal(CommandBehavior behavior, String method)
   在 System.Data.OleDb.OleDbCommand.ExecuteReader(CommandBehavior behavior)
   在 System.Data.OleDb.OleDbCommand.System.Data.IDbCommand.ExecuteReader(CommandBehavior behavior)
   在 System.Data.Common.DbDataAdapter.FillInternal(DataSet dataset, DataTable[] datatables, Int32 startRecord, Int32 maxRecords, String srcTable, IDbCommand command, CommandBehavior behavior)
   在 System.Data.Common.DbDataAdapter.Fill(DataSet dataSet, Int32 startRecord, Int32 maxRecords, String srcTable, IDbCommand command, CommandBehavior behavior)
   在 System.Data.Common.DbDataAdapter.Fill(DataSet dataSet, String srcTable)
   在 YSCMS.DALProfile.DbHelper.ExecuteTable(String connectionString, CommandType cmdType, String cmdText, DbParameter[] commandParameters) 位置 g:\vs2k12\Yuesi\YSCMS.DALProfile\DbHelper.cs:行号 322
   在 YSCMS.DALProfile.DbHelper.ExecuteTable(CommandType cmdType, String cmdText, DbParameter[] commandParameters) 位置 g:\vs2k12\Yuesi\YSCMS.DALProfile\DbHelper.cs:行号 287
   在 YSCMS.AccessDAL.Publish.Gethistory(Int32 Numday) 位置 g:\vs2k12\Yuesi\YSCMS.AccessDAL\Publish.cs:行号 827
   在 YSCMS.Publish.General.PublishHistryIndex(Int32 Numday) 位置 g:\vs2k12\Yuesi\YSCMS.Publish\General.cs:行号 851
【UserName】   【Time】2015-01-21 14:59:31
≡≡≡≡≡≡≡≡≡≡≡≡≡≡≡≡≡≡≡≡≡≡≡≡≡≡≡≡≡≡≡≡≡≡≡≡≡≡≡≡≡≡≡≡≡≡≡≡≡≡
写入文件
【错误描述：】
System.NullReferenceException: 未将对象引用设置到对象的实例。
   在 YSCMS.Publish.General.WriteHtml(String Content, String FilePath) 位置 g:\vs2k12\Yuesi\YSCMS.Publish\General.cs:行号 1728
【UserName】   【Time】2015-01-21 14:59:43
≡≡≡≡≡≡≡≡≡≡≡≡≡≡≡≡≡≡≡≡≡≡≡≡≡≡≡≡≡≡≡≡≡≡≡≡≡≡≡≡≡≡≡≡≡≡≡≡≡≡
□□□ 生成历史文档
【错误描述：】
System.Data.OleDb.OleDbException (0x80040E14): 表达式中 'Getdate' 函数未定义。
   在 System.Data.OleDb.OleDbCommand.ExecuteCommandTextErrorHandling(OleDbHResult hr)
   在 System.Data.OleDb.OleDbCommand.ExecuteCommandTextForSingleResult(tagDBPARAMS dbParams, Object& executeResult)
   在 System.Data.OleDb.OleDbCommand.ExecuteCommandText(Object& executeResult)
   在 System.Data.OleDb.OleDbCommand.ExecuteCommand(CommandBehavior behavior, Object& executeResult)
   在 System.Data.OleDb.OleDbCommand.ExecuteReaderInternal(CommandBehavior behavior, String method)
   在 System.Data.OleDb.OleDbCommand.ExecuteReader(CommandBehavior behavior)
   在 System.Data.OleDb.OleDbCommand.System.Data.IDbCommand.ExecuteReader(CommandBehavior behavior)
   在 System.Data.Common.DbDataAdapter.FillInternal(DataSet dataset, DataTable[] datatables, Int32 startRecord, Int32 maxRecords, String srcTable, IDbCommand command, CommandBehavior behavior)
   在 System.Data.Common.DbDataAdapter.Fill(DataSet dataSet, Int32 startRecord, Int32 maxRecords, String srcTable, IDbCommand command, CommandBehavior behavior)
   在 System.Data.Common.DbDataAdapter.Fill(DataSet dataSet, String srcTable)
   在 YSCMS.DALProfile.DbHelper.ExecuteTable(String connectionString, CommandType cmdType, String cmdText, DbParameter[] commandParameters) 位置 g:\vs2k12\Yuesi\YSCMS.DALProfile\DbHelper.cs:行号 322
   在 YSCMS.DALProfile.DbHelper.ExecuteTable(CommandType cmdType, String cmdText, DbParameter[] commandParameters) 位置 g:\vs2k12\Yuesi\YSCMS.DALProfile\DbHelper.cs:行号 287
   在 YSCMS.AccessDAL.Publish.Gethistory(Int32 Numday) 位置 g:\vs2k12\Yuesi\YSCMS.AccessDAL\Publish.cs:行号 827
   在 YSCMS.Publish.General.PublishHistryIndex(Int32 Numday) 位置 g:\vs2k12\Yuesi\YSCMS.Publish\General.cs:行号 851
【UserName】   【Time】2015-01-21 14:59:43
≡≡≡≡≡≡≡≡≡≡≡≡≡≡≡≡≡≡≡≡≡≡≡≡≡≡≡≡≡≡≡≡≡≡≡≡≡≡≡≡≡≡≡≡≡≡≡≡≡≡
写入文件
【错误描述：】
System.NullReferenceException: 未将对象引用设置到对象的实例。
   在 YSCMS.Publish.General.WriteHtml(String Content, String FilePath) 位置 g:\vs2k12\Yuesi\YSCMS.Publish\General.cs:行号 1728
【UserName】   【Time】2015-01-21 15:00:21
≡≡≡≡≡≡≡≡≡≡≡≡≡≡≡≡≡≡≡≡≡≡≡≡≡≡≡≡≡≡≡≡≡≡≡≡≡≡≡≡≡≡≡≡≡≡≡≡≡≡
写入文件
【错误描述：】
System.NullReferenceException: 未将对象引用设置到对象的实例。
   在 YSCMS.Publish.General.WriteHtml(String Content, String FilePath) 位置 g:\vs2k12\Yuesi\YSCMS.Publish\General.cs:行号 1728
【UserName】   【Time】2015-01-21 15:00:21
≡≡≡≡≡≡≡≡≡≡≡≡≡≡≡≡≡≡≡≡≡≡≡≡≡≡≡≡≡≡≡≡≡≡≡≡≡≡≡≡≡≡≡≡≡≡≡≡≡≡
写入文件
【错误描述：】
System.NullReferenceException: 未将对象引用设置到对象的实例。
   在 YSCMS.Publish.General.WriteHtml(String Content, String FilePath) 位置 g:\vs2k12\Yuesi\YSCMS.Publish\General.cs:行号 1728
【UserName】   【Time】2015-01-21 15:01:48
≡≡≡≡≡≡≡≡≡≡≡≡≡≡≡≡≡≡≡≡≡≡≡≡≡≡≡≡≡≡≡≡≡≡≡≡≡≡≡≡≡≡≡≡≡≡≡≡≡≡
□□□ 生成历史文档
【错误描述：】
System.Data.OleDb.OleDbException (0x80040E14): 表达式中 'Getdate' 函数未定义。
   在 System.Data.OleDb.OleDbCommand.ExecuteCommandTextErrorHandling(OleDbHResult hr)
   在 System.Data.OleDb.OleDbCommand.ExecuteCommandTextForSingleResult(tagDBPARAMS dbParams, Object& executeResult)
   在 System.Data.OleDb.OleDbCommand.ExecuteCommandText(Object& executeResult)
   在 System.Data.OleDb.OleDbCommand.ExecuteCommand(CommandBehavior behavior, Object& executeResult)
   在 System.Data.OleDb.OleDbCommand.ExecuteReaderInternal(CommandBehavior behavior, String method)
   在 System.Data.OleDb.OleDbCommand.ExecuteReader(CommandBehavior behavior)
   在 System.Data.OleDb.OleDbCommand.System.Data.IDbCommand.ExecuteReader(CommandBehavior behavior)
   在 System.Data.Common.DbDataAdapter.FillInternal(DataSet dataset, DataTable[] datatables, Int32 startRecord, Int32 maxRecords, String srcTable, IDbCommand command, CommandBehavior behavior)
   在 System.Data.Common.DbDataAdapter.Fill(DataSet dataSet, Int32 startRecord, Int32 maxRecords, String srcTable, IDbCommand command, CommandBehavior behavior)
   在 System.Data.Common.DbDataAdapter.Fill(DataSet dataSet, String srcTable)
   在 YSCMS.DALProfile.DbHelper.ExecuteTable(String connectionString, CommandType cmdType, String cmdText, DbParameter[] commandParameters) 位置 g:\vs2k12\Yuesi\YSCMS.DALProfile\DbHelper.cs:行号 322
   在 YSCMS.DALProfile.DbHelper.ExecuteTable(CommandType cmdType, String cmdText, DbParameter[] commandParameters) 位置 g:\vs2k12\Yuesi\YSCMS.DALProfile\DbHelper.cs:行号 287
   在 YSCMS.AccessDAL.Publish.Gethistory(Int32 Numday) 位置 g:\vs2k12\Yuesi\YSCMS.AccessDAL\Publish.cs:行号 827
   在 YSCMS.Publish.General.PublishHistryIndex(Int32 Numday) 位置 g:\vs2k12\Yuesi\YSCMS.Publish\General.cs:行号 851
【UserName】   【Time】2015-01-21 15:01:48
≡≡≡≡≡≡≡≡≡≡≡≡≡≡≡≡≡≡≡≡≡≡≡≡≡≡≡≡≡≡≡≡≡≡≡≡≡≡≡≡≡≡≡≡≡≡≡≡≡≡
写入文件
【错误描述：】
System.NullReferenceException: 未将对象引用设置到对象的实例。
   在 YSCMS.Publish.General.WriteHtml(String Content, String FilePath) 位置 g:\vs2k12\Yuesi\YSCMS.Publish\General.cs:行号 1728
【UserName】   【Time】2015-01-21 15:05:47
≡≡≡≡≡≡≡≡≡≡≡≡≡≡≡≡≡≡≡≡≡≡≡≡≡≡≡≡≡≡≡≡≡≡≡≡≡≡≡≡≡≡≡≡≡≡≡≡≡≡
写入文件
【错误描述：】
System.NullReferenceException: 未将对象引用设置到对象的实例。
   在 YSCMS.Publish.General.WriteHtml(String Content, String FilePath) 位置 g:\vs2k12\Yuesi\YSCMS.Publish\General.cs:行号 1728
【UserName】   【Time】2015-01-21 15:05:47
≡≡≡≡≡≡≡≡≡≡≡≡≡≡≡≡≡≡≡≡≡≡≡≡≡≡≡≡≡≡≡≡≡≡≡≡≡≡≡≡≡≡≡≡≡≡≡≡≡≡
写入文件
【错误描述：】
System.NullReferenceException: 未将对象引用设置到对象的实例。
   在 YSCMS.Publish.General.WriteHtml(String Content, String FilePath) 位置 g:\vs2k12\Yuesi\YSCMS.Publish\General.cs:行号 1728
【UserName】   【Time】2015-01-21 15:05:47
≡≡≡≡≡≡≡≡≡≡≡≡≡≡≡≡≡≡≡≡≡≡≡≡≡≡≡≡≡≡≡≡≡≡≡≡≡≡≡≡≡≡≡≡≡≡≡≡≡≡
写入文件
【错误描述：】
System.NullReferenceException: 未将对象引用设置到对象的实例。
   在 YSCMS.Publish.General.WriteHtml(String Content, String FilePath) 位置 g:\vs2k12\Yuesi\YSCMS.Publish\General.cs:行号 1728
【UserName】   【Time】2015-01-21 15:05:47
≡≡≡≡≡≡≡≡≡≡≡≡≡≡≡≡≡≡≡≡≡≡≡≡≡≡≡≡≡≡≡≡≡≡≡≡≡≡≡≡≡≡≡≡≡≡≡≡≡≡
写入文件
【错误描述：】
System.NullReferenceException: 未将对象引用设置到对象的实例。
   在 YSCMS.Publish.General.WriteHtml(String Content, String FilePath) 位置 g:\vs2k12\Yuesi\YSCMS.Publish\General.cs:行号 1728
【UserName】   【Time】2015-01-21 15:05:47
≡≡≡≡≡≡≡≡≡≡≡≡≡≡≡≡≡≡≡≡≡≡≡≡≡≡≡≡≡≡≡≡≡≡≡≡≡≡≡≡≡≡≡≡≡≡≡≡≡≡
写入文件
【错误描述：】
System.NullReferenceException: 未将对象引用设置到对象的实例。
   在 YSCMS.Publish.General.WriteHtml(String Content, String FilePath) 位置 g:\vs2k12\Yuesi\YSCMS.Publish\General.cs:行号 1728
【UserName】   【Time】2015-01-21 15:05:47
≡≡≡≡≡≡≡≡≡≡≡≡≡≡≡≡≡≡≡≡≡≡≡≡≡≡≡≡≡≡≡≡≡≡≡≡≡≡≡≡≡≡≡≡≡≡≡≡≡≡
写入文件
【错误描述：】
System.NullReferenceException: 未将对象引用设置到对象的实例。
   在 YSCMS.Publish.General.WriteHtml(String Content, String FilePath) 位置 g:\vs2k12\Yuesi\YSCMS.Publish\General.cs:行号 1728
【UserName】   【Time】2015-01-21 15:05:47
≡≡≡≡≡≡≡≡≡≡≡≡≡≡≡≡≡≡≡≡≡≡≡≡≡≡≡≡≡≡≡≡≡≡≡≡≡≡≡≡≡≡≡≡≡≡≡≡≡≡
写入文件
【错误描述：】
System.NullReferenceException: 未将对象引用设置到对象的实例。
   在 YSCMS.Publish.General.WriteHtml(String Content, String FilePath) 位置 g:\vs2k12\Yuesi\YSCMS.Publish\General.cs:行号 1728
【UserName】   【Time】2015-01-21 15:05:47
≡≡≡≡≡≡≡≡≡≡≡≡≡≡≡≡≡≡≡≡≡≡≡≡≡≡≡≡≡≡≡≡≡≡≡≡≡≡≡≡≡≡≡≡≡≡≡≡≡≡
写入文件
【错误描述：】
System.NullReferenceException: 未将对象引用设置到对象的实例。
   在 YSCMS.Publish.General.WriteHtml(String Content, String FilePath) 位置 g:\vs2k12\Yuesi\YSCMS.Publish\General.cs:行号 1728
【UserName】   【Time】2015-01-21 15:05:47
≡≡≡≡≡≡≡≡≡≡≡≡≡≡≡≡≡≡≡≡≡≡≡≡≡≡≡≡≡≡≡≡≡≡≡≡≡≡≡≡≡≡≡≡≡≡≡≡≡≡
写入文件
【错误描述：】
System.NullReferenceException: 未将对象引用设置到对象的实例。
   在 YSCMS.Publish.General.WriteHtml(String Content, String FilePath) 位置 g:\vs2k12\Yuesi\YSCMS.Publish\General.cs:行号 1728
【UserName】   【Time】2015-01-21 15:05:47
≡≡≡≡≡≡≡≡≡≡≡≡≡≡≡≡≡≡≡≡≡≡≡≡≡≡≡≡≡≡≡≡≡≡≡≡≡≡≡≡≡≡≡≡≡≡≡≡≡≡
写入文件
【错误描述：】
System.NullReferenceException: 未将对象引用设置到对象的实例。
   在 YSCMS.Publish.General.WriteHtml(String Content, String FilePath) 位置 g:\vs2k12\Yuesi\YSCMS.Publish\General.cs:行号 1728
【UserName】   【Time】2015-01-21 15:05:47
≡≡≡≡≡≡≡≡≡≡≡≡≡≡≡≡≡≡≡≡≡≡≡≡≡≡≡≡≡≡≡≡≡≡≡≡≡≡≡≡≡≡≡≡≡≡≡≡≡≡
写入文件
【错误描述：】
System.NullReferenceException: 未将对象引用设置到对象的实例。
   在 YSCMS.Publish.General.WriteHtml(String Content, String FilePath) 位置 g:\vs2k12\Yuesi\YSCMS.Publish\General.cs:行号 1728
【UserName】   【Time】2015-01-21 15:05:47
≡≡≡≡≡≡≡≡≡≡≡≡≡≡≡≡≡≡≡≡≡≡≡≡≡≡≡≡≡≡≡≡≡≡≡≡≡≡≡≡≡≡≡≡≡≡≡≡≡≡
写入文件
【错误描述：】
System.NullReferenceException: 未将对象引用设置到对象的实例。
   在 YSCMS.Publish.General.WriteHtml(String Content, String FilePath) 位置 g:\vs2k12\Yuesi\YSCMS.Publish\General.cs:行号 1728
【UserName】   【Time】2015-01-21 15:05:47
≡≡≡≡≡≡≡≡≡≡≡≡≡≡≡≡≡≡≡≡≡≡≡≡≡≡≡≡≡≡≡≡≡≡≡≡≡≡≡≡≡≡≡≡≡≡≡≡≡≡
写入文件
【错误描述：】
System.NullReferenceException: 未将对象引用设置到对象的实例。
   在 YSCMS.Publish.General.WriteHtml(String Content, String FilePath) 位置 g:\vs2k12\Yuesi\YSCMS.Publish\General.cs:行号 1728
【UserName】   【Time】2015-01-21 15:05:47
≡≡≡≡≡≡≡≡≡≡≡≡≡≡≡≡≡≡≡≡≡≡≡≡≡≡≡≡≡≡≡≡≡≡≡≡≡≡≡≡≡≡≡≡≡≡≡≡≡≡
写入文件
【错误描述：】
System.NullReferenceException: 未将对象引用设置到对象的实例。
   在 YSCMS.Publish.General.WriteHtml(String Content, String FilePath) 位置 g:\vs2k12\Yuesi\YSCMS.Publish\General.cs:行号 1728
【UserName】   【Time】2015-01-21 15:05:47
≡≡≡≡≡≡≡≡≡≡≡≡≡≡≡≡≡≡≡≡≡≡≡≡≡≡≡≡≡≡≡≡≡≡≡≡≡≡≡≡≡≡≡≡≡≡≡≡≡≡
写入文件
【错误描述：】
System.NullReferenceException: 未将对象引用设置到对象的实例。
   在 YSCMS.Publish.General.WriteHtml(String Content, String FilePath) 位置 g:\vs2k12\Yuesi\YSCMS.Publish\General.cs:行号 1728
【UserName】   【Time】2015-01-21 15:05:47
≡≡≡≡≡≡≡≡≡≡≡≡≡≡≡≡≡≡≡≡≡≡≡≡≡≡≡≡≡≡≡≡≡≡≡≡≡≡≡≡≡≡≡≡≡≡≡≡≡≡
写入文件
【错误描述：】
System.NullReferenceException: 未将对象引用设置到对象的实例。
   在 YSCMS.Publish.General.WriteHtml(String Content, String FilePath) 位置 g:\vs2k12\Yuesi\YSCMS.Publish\General.cs:行号 1728
【UserName】   【Time】2015-01-21 15:05:47
≡≡≡≡≡≡≡≡≡≡≡≡≡≡≡≡≡≡≡≡≡≡≡≡≡≡≡≡≡≡≡≡≡≡≡≡≡≡≡≡≡≡≡≡≡≡≡≡≡≡
写入文件
【错误描述：】
System.NullReferenceException: 未将对象引用设置到对象的实例。
   在 YSCMS.Publish.General.WriteHtml(String Content, String FilePath) 位置 g:\vs2k12\Yuesi\YSCMS.Publish\General.cs:行号 1728
【UserName】   【Time】2015-01-21 15:05:47
≡≡≡≡≡≡≡≡≡≡≡≡≡≡≡≡≡≡≡≡≡≡≡≡≡≡≡≡≡≡≡≡≡≡≡≡≡≡≡≡≡≡≡≡≡≡≡≡≡≡
写入文件
【错误描述：】
System.NullReferenceException: 未将对象引用设置到对象的实例。
   在 YSCMS.Publish.General.WriteHtml(String Content, String FilePath) 位置 g:\vs2k12\Yuesi\YSCMS.Publish\General.cs:行号 1728
【UserName】   【Time】2015-01-21 15:05:53
≡≡≡≡≡≡≡≡≡≡≡≡≡≡≡≡≡≡≡≡≡≡≡≡≡≡≡≡≡≡≡≡≡≡≡≡≡≡≡≡≡≡≡≡≡≡≡≡≡≡
写入文件
【错误描述：】
System.NullReferenceException: 未将对象引用设置到对象的实例。
   在 YSCMS.Publish.General.WriteHtml(String Content, String FilePath) 位置 g:\vs2k12\Yuesi\YSCMS.Publish\General.cs:行号 1728
【UserName】   【Time】2015-01-21 15:05:53
≡≡≡≡≡≡≡≡≡≡≡≡≡≡≡≡≡≡≡≡≡≡≡≡≡≡≡≡≡≡≡≡≡≡≡≡≡≡≡≡≡≡≡≡≡≡≡≡≡≡
写入文件
【错误描述：】
System.NullReferenceException: 未将对象引用设置到对象的实例。
   在 YSCMS.Publish.General.WriteHtml(String Content, String FilePath) 位置 g:\vs2k12\Yuesi\YSCMS.Publish\General.cs:行号 1728
【UserName】   【Time】2015-01-21 15:06:06
≡≡≡≡≡≡≡≡≡≡≡≡≡≡≡≡≡≡≡≡≡≡≡≡≡≡≡≡≡≡≡≡≡≡≡≡≡≡≡≡≡≡≡≡≡≡≡≡≡≡
□□□ 生成历史文档
【错误描述：】
System.Data.OleDb.OleDbException (0x80040E14): 表达式中 'Getdate' 函数未定义。
   在 System.Data.OleDb.OleDbCommand.ExecuteCommandTextErrorHandling(OleDbHResult hr)
   在 System.Data.OleDb.OleDbCommand.ExecuteCommandTextForSingleResult(tagDBPARAMS dbParams, Object& executeResult)
   在 System.Data.OleDb.OleDbCommand.ExecuteCommandText(Object& executeResult)
   在 System.Data.OleDb.OleDbCommand.ExecuteCommand(CommandBehavior behavior, Object& executeResult)
   在 System.Data.OleDb.OleDbCommand.ExecuteReaderInternal(CommandBehavior behavior, String method)
   在 System.Data.OleDb.OleDbCommand.ExecuteReader(CommandBehavior behavior)
   在 System.Data.OleDb.OleDbCommand.System.Data.IDbCommand.ExecuteReader(CommandBehavior behavior)
   在 System.Data.Common.DbDataAdapter.FillInternal(DataSet dataset, DataTable[] datatables, Int32 startRecord, Int32 maxRecords, String srcTable, IDbCommand command, CommandBehavior behavior)
   在 System.Data.Common.DbDataAdapter.Fill(DataSet dataSet, Int32 startRecord, Int32 maxRecords, String srcTable, IDbCommand command, CommandBehavior behavior)
   在 System.Data.Common.DbDataAdapter.Fill(DataSet dataSet, String srcTable)
   在 YSCMS.DALProfile.DbHelper.ExecuteTable(String connectionString, CommandType cmdType, String cmdText, DbParameter[] commandParameters) 位置 g:\vs2k12\Yuesi\YSCMS.DALProfile\DbHelper.cs:行号 322
   在 YSCMS.DALProfile.DbHelper.ExecuteTable(CommandType cmdType, String cmdText, DbParameter[] commandParameters) 位置 g:\vs2k12\Yuesi\YSCMS.DALProfile\DbHelper.cs:行号 287
   在 YSCMS.AccessDAL.Publish.Gethistory(Int32 Numday) 位置 g:\vs2k12\Yuesi\YSCMS.AccessDAL\Publish.cs:行号 827
   在 YSCMS.Publish.General.PublishHistryIndex(Int32 Numday) 位置 g:\vs2k12\Yuesi\YSCMS.Publish\General.cs:行号 851
【UserName】   【Time】2015-01-21 15:06:06
≡≡≡≡≡≡≡≡≡≡≡≡≡≡≡≡≡≡≡≡≡≡≡≡≡≡≡≡≡≡≡≡≡≡≡≡≡≡≡≡≡≡≡≡≡≡≡≡≡≡
写入文件
【错误描述：】
System.NullReferenceException: 未将对象引用设置到对象的实例。
   在 YSCMS.Publish.General.WriteHtml(String Content, String FilePath) 位置 g:\vs2k12\Yuesi\YSCMS.Publish\General.cs:行号 1728
【UserName】   【Time】2015-01-21 15:06:14
≡≡≡≡≡≡≡≡≡≡≡≡≡≡≡≡≡≡≡≡≡≡≡≡≡≡≡≡≡≡≡≡≡≡≡≡≡≡≡≡≡≡≡≡≡≡≡≡≡≡
□□□ 生成历史文档
【错误描述：】
System.Data.OleDb.OleDbException (0x80040E14): 表达式中 'Getdate' 函数未定义。
   在 System.Data.OleDb.OleDbCommand.ExecuteCommandTextErrorHandling(OleDbHResult hr)
   在 System.Data.OleDb.OleDbCommand.ExecuteCommandTextForSingleResult(tagDBPARAMS dbParams, Object& executeResult)
   在 System.Data.OleDb.OleDbCommand.ExecuteCommandText(Object& executeResult)
   在 System.Data.OleDb.OleDbCommand.ExecuteCommand(CommandBehavior behavior, Object& executeResult)
   在 System.Data.OleDb.OleDbCommand.ExecuteReaderInternal(CommandBehavior behavior, String method)
   在 System.Data.OleDb.OleDbCommand.ExecuteReader(CommandBehavior behavior)
   在 System.Data.OleDb.OleDbCommand.System.Data.IDbCommand.ExecuteReader(CommandBehavior behavior)
   在 System.Data.Common.DbDataAdapter.FillInternal(DataSet dataset, DataTable[] datatables, Int32 startRecord, Int32 maxRecords, String srcTable, IDbCommand command, CommandBehavior behavior)
   在 System.Data.Common.DbDataAdapter.Fill(DataSet dataSet, Int32 startRecord, Int32 maxRecords, String srcTable, IDbCommand command, CommandBehavior behavior)
   在 System.Data.Common.DbDataAdapter.Fill(DataSet dataSet, String srcTable)
   在 YSCMS.DALProfile.DbHelper.ExecuteTable(String connectionString, CommandType cmdType, String cmdText, DbParameter[] commandParameters) 位置 g:\vs2k12\Yuesi\YSCMS.DALProfile\DbHelper.cs:行号 322
   在 YSCMS.DALProfile.DbHelper.ExecuteTable(CommandType cmdType, String cmdText, DbParameter[] commandParameters) 位置 g:\vs2k12\Yuesi\YSCMS.DALProfile\DbHelper.cs:行号 287
   在 YSCMS.AccessDAL.Publish.Gethistory(Int32 Numday) 位置 g:\vs2k12\Yuesi\YSCMS.AccessDAL\Publish.cs:行号 827
   在 YSCMS.Publish.General.PublishHistryIndex(Int32 Numday) 位置 g:\vs2k12\Yuesi\YSCMS.Publish\General.cs:行号 851
【UserName】   【Time】2015-01-21 15:06:14
≡≡≡≡≡≡≡≡≡≡≡≡≡≡≡≡≡≡≡≡≡≡≡≡≡≡≡≡≡≡≡≡≡≡≡≡≡≡≡≡≡≡≡≡≡≡≡≡≡≡
写入文件
【错误描述：】
System.NullReferenceException: 未将对象引用设置到对象的实例。
   在 YSCMS.Publish.General.WriteHtml(String Content, String FilePath) 位置 g:\vs2k12\Yuesi\YSCMS.Publish\General.cs:行号 1728
【UserName】   【Time】2015-01-21 15:11:57
≡≡≡≡≡≡≡≡≡≡≡≡≡≡≡≡≡≡≡≡≡≡≡≡≡≡≡≡≡≡≡≡≡≡≡≡≡≡≡≡≡≡≡≡≡≡≡≡≡≡
写入文件
【错误描述：】
System.NullReferenceException: 未将对象引用设置到对象的实例。
   在 YSCMS.Publish.General.WriteHtml(String Content, String FilePath) 位置 g:\vs2k12\Yuesi\YSCMS.Publish\General.cs:行号 1728
【UserName】   【Time】2015-01-21 15:12:11
≡≡≡≡≡≡≡≡≡≡≡≡≡≡≡≡≡≡≡≡≡≡≡≡≡≡≡≡≡≡≡≡≡≡≡≡≡≡≡≡≡≡≡≡≡≡≡≡≡≡
□□□ 生成历史文档
【错误描述：】
System.Data.OleDb.OleDbException (0x80040E14): 表达式中 'Getdate' 函数未定义。
   在 System.Data.OleDb.OleDbCommand.ExecuteCommandTextErrorHandling(OleDbHResult hr)
   在 System.Data.OleDb.OleDbCommand.ExecuteCommandTextForSingleResult(tagDBPARAMS dbParams, Object& executeResult)
   在 System.Data.OleDb.OleDbCommand.ExecuteCommandText(Object& executeResult)
   在 System.Data.OleDb.OleDbCommand.ExecuteCommand(CommandBehavior behavior, Object& executeResult)
   在 System.Data.OleDb.OleDbCommand.ExecuteReaderInternal(CommandBehavior behavior, String method)
   在 System.Data.OleDb.OleDbCommand.ExecuteReader(CommandBehavior behavior)
   在 System.Data.OleDb.OleDbCommand.System.Data.IDbCommand.ExecuteReader(CommandBehavior behavior)
   在 System.Data.Common.DbDataAdapter.FillInternal(DataSet dataset, DataTable[] datatables, Int32 startRecord, Int32 maxRecords, String srcTable, IDbCommand command, CommandBehavior behavior)
   在 System.Data.Common.DbDataAdapter.Fill(DataSet dataSet, Int32 startRecord, Int32 maxRecords, String srcTable, IDbCommand command, CommandBehavior behavior)
   在 System.Data.Common.DbDataAdapter.Fill(DataSet dataSet, String srcTable)
   在 YSCMS.DALProfile.DbHelper.ExecuteTable(String connectionString, CommandType cmdType, String cmdText, DbParameter[] commandParameters) 位置 g:\vs2k12\Yuesi\YSCMS.DALProfile\DbHelper.cs:行号 322
   在 YSCMS.DALProfile.DbHelper.ExecuteTable(CommandType cmdType, String cmdText, DbParameter[] commandParameters) 位置 g:\vs2k12\Yuesi\YSCMS.DALProfile\DbHelper.cs:行号 287
   在 YSCMS.AccessDAL.Publish.Gethistory(Int32 Numday) 位置 g:\vs2k12\Yuesi\YSCMS.AccessDAL\Publish.cs:行号 827
   在 YSCMS.Publish.General.PublishHistryIndex(Int32 Numday) 位置 g:\vs2k12\Yuesi\YSCMS.Publish\General.cs:行号 851
【UserName】   【Time】2015-01-21 15:12:11
≡≡≡≡≡≡≡≡≡≡≡≡≡≡≡≡≡≡≡≡≡≡≡≡≡≡≡≡≡≡≡≡≡≡≡≡≡≡≡≡≡≡≡≡≡≡≡≡≡≡
发布开始时间--------------------------
15:12:11.3504269
【UserName】发布开始时间--------------------   【Time】2015-01-21 15:12:11
≡≡≡≡≡≡≡≡≡≡≡≡≡≡≡≡≡≡≡≡≡≡≡≡≡≡≡≡≡≡≡≡≡≡≡≡≡≡≡≡≡≡≡≡≡≡≡≡≡≡
发布结束时间--------------------------
15:12:11.3994297
【UserName】发布结束时间--------------------   【Time】2015-01-21 15:12:11
≡≡≡≡≡≡≡≡≡≡≡≡≡≡≡≡≡≡≡≡≡≡≡≡≡≡≡≡≡≡≡≡≡≡≡≡≡≡≡≡≡≡≡≡≡≡≡≡≡≡
