IP                 :192.168.1.249
title              :登录成功
content            :用户名：Sizer
usernum&UserName   :Sizer
Time               :2015-01-01 09:51:49
≡≡≡≡≡≡≡≡≡≡≡≡≡≡≡≡≡≡≡≡≡≡≡≡≡≡≡≡≡≡≡≡≡≡≡≡≡≡≡≡≡≡≡≡≡≡≡≡≡≡
IP                 :192.168.1.249
title              :登录成功
content            :用户名：Sizer
usernum&UserName   :Sizer
Time               :2015-01-01 10:32:42
≡≡≡≡≡≡≡≡≡≡≡≡≡≡≡≡≡≡≡≡≡≡≡≡≡≡≡≡≡≡≡≡≡≡≡≡≡≡≡≡≡≡≡≡≡≡≡≡≡≡
IP                 :192.168.1.249
title              :登录成功
content            :用户名：Sizer
usernum&UserName   :Sizer
Time               :2015-01-01 10:36:45
≡≡≡≡≡≡≡≡≡≡≡≡≡≡≡≡≡≡≡≡≡≡≡≡≡≡≡≡≡≡≡≡≡≡≡≡≡≡≡≡≡≡≡≡≡≡≡≡≡≡
IP                 :192.168.1.249
title              :登录成功
content            :用户名：Sizer
usernum&UserName   :Sizer
Time               :2015-01-01 10:59:58
≡≡≡≡≡≡≡≡≡≡≡≡≡≡≡≡≡≡≡≡≡≡≡≡≡≡≡≡≡≡≡≡≡≡≡≡≡≡≡≡≡≡≡≡≡≡≡≡≡≡
IP                 :192.168.1.249
title              :登录成功
content            :用户名：Sizer
usernum&UserName   :Sizer
Time               :2015-01-01 14:19:44
≡≡≡≡≡≡≡≡≡≡≡≡≡≡≡≡≡≡≡≡≡≡≡≡≡≡≡≡≡≡≡≡≡≡≡≡≡≡≡≡≡≡≡≡≡≡≡≡≡≡
IP                 :192.168.1.249
title              :登录成功
content            :用户名：Sizer
usernum&UserName   :Sizer
Time               :2015-01-01 14:33:32
≡≡≡≡≡≡≡≡≡≡≡≡≡≡≡≡≡≡≡≡≡≡≡≡≡≡≡≡≡≡≡≡≡≡≡≡≡≡≡≡≡≡≡≡≡≡≡≡≡≡
IP                 :192.168.1.249
title              :登录成功
content            :用户名：Sizer
usernum&UserName   :Sizer
Time               :2015-01-01 15:21:18
≡≡≡≡≡≡≡≡≡≡≡≡≡≡≡≡≡≡≡≡≡≡≡≡≡≡≡≡≡≡≡≡≡≡≡≡≡≡≡≡≡≡≡≡≡≡≡≡≡≡
IP                 :192.168.1.249
title              :登录成功
content            :用户名：Sizer
usernum&UserName   :Sizer
Time               :2015-01-01 15:43:59
≡≡≡≡≡≡≡≡≡≡≡≡≡≡≡≡≡≡≡≡≡≡≡≡≡≡≡≡≡≡≡≡≡≡≡≡≡≡≡≡≡≡≡≡≡≡≡≡≡≡
IP                 :192.168.1.249
title              :登录成功
content            :用户名：Sizer
usernum&UserName   :Sizer
Time               :2015-01-01 15:51:58
≡≡≡≡≡≡≡≡≡≡≡≡≡≡≡≡≡≡≡≡≡≡≡≡≡≡≡≡≡≡≡≡≡≡≡≡≡≡≡≡≡≡≡≡≡≡≡≡≡≡
IP                 :192.168.1.249
title              :登录成功
content            :用户名：Sizer
usernum&UserName   :Sizer
Time               :2015-01-03 11:17:00
≡≡≡≡≡≡≡≡≡≡≡≡≡≡≡≡≡≡≡≡≡≡≡≡≡≡≡≡≡≡≡≡≡≡≡≡≡≡≡≡≡≡≡≡≡≡≡≡≡≡
IP                 :192.168.1.249
title              :登录成功
content            :用户名：Sizer
usernum&UserName   :Sizer
Time               :2015-01-03 16:01:40
≡≡≡≡≡≡≡≡≡≡≡≡≡≡≡≡≡≡≡≡≡≡≡≡≡≡≡≡≡≡≡≡≡≡≡≡≡≡≡≡≡≡≡≡≡≡≡≡≡≡
IP                 :192.168.1.249
title              :登录成功
content            :用户名：Sizer
usernum&UserName   :Sizer
Time               :2015-01-03 16:06:53
≡≡≡≡≡≡≡≡≡≡≡≡≡≡≡≡≡≡≡≡≡≡≡≡≡≡≡≡≡≡≡≡≡≡≡≡≡≡≡≡≡≡≡≡≡≡≡≡≡≡
IP                 :192.168.1.249
title              :保存基本参数设置
content            :基本参数设置操作成功！
usernum&UserName   :276007842533
Time               :2015-01-03 17:06:31
≡≡≡≡≡≡≡≡≡≡≡≡≡≡≡≡≡≡≡≡≡≡≡≡≡≡≡≡≡≡≡≡≡≡≡≡≡≡≡≡≡≡≡≡≡≡≡≡≡≡
IP                 :192.168.1.249
title              :保存基本参数设置
content            :基本参数设置操作成功！
usernum&UserName   :276007842533
Time               :2015-01-03 17:08:55
≡≡≡≡≡≡≡≡≡≡≡≡≡≡≡≡≡≡≡≡≡≡≡≡≡≡≡≡≡≡≡≡≡≡≡≡≡≡≡≡≡≡≡≡≡≡≡≡≡≡
IP                 :192.168.1.249
title              :登录成功
content            :用户名：Sizer
usernum&UserName   :Sizer
Time               :2015-01-03 17:52:09
≡≡≡≡≡≡≡≡≡≡≡≡≡≡≡≡≡≡≡≡≡≡≡≡≡≡≡≡≡≡≡≡≡≡≡≡≡≡≡≡≡≡≡≡≡≡≡≡≡≡
IP                 :192.168.1.249
title              :保存会员参数设置
content            :会员参数设置操作成功！
usernum&UserName   :276007842533
Time               :2015-01-03 17:58:12
≡≡≡≡≡≡≡≡≡≡≡≡≡≡≡≡≡≡≡≡≡≡≡≡≡≡≡≡≡≡≡≡≡≡≡≡≡≡≡≡≡≡≡≡≡≡≡≡≡≡
IP                 :192.168.1.249
title              :保存基本参数设置
content            :基本参数设置操作成功！
usernum&UserName   :276007842533
Time               :2015-01-03 17:58:38
≡≡≡≡≡≡≡≡≡≡≡≡≡≡≡≡≡≡≡≡≡≡≡≡≡≡≡≡≡≡≡≡≡≡≡≡≡≡≡≡≡≡≡≡≡≡≡≡≡≡
IP                 :192.168.1.249
title              :保存基本参数设置
content            :基本参数设置操作成功！
usernum&UserName   :276007842533
Time               :2015-01-03 17:58:50
≡≡≡≡≡≡≡≡≡≡≡≡≡≡≡≡≡≡≡≡≡≡≡≡≡≡≡≡≡≡≡≡≡≡≡≡≡≡≡≡≡≡≡≡≡≡≡≡≡≡
IP                 :192.168.1.249
title              :登录成功
content            :用户名：Sizer
usernum&UserName   :Sizer
Time               :2015-01-03 19:51:32
≡≡≡≡≡≡≡≡≡≡≡≡≡≡≡≡≡≡≡≡≡≡≡≡≡≡≡≡≡≡≡≡≡≡≡≡≡≡≡≡≡≡≡≡≡≡≡≡≡≡
IP                 :192.168.1.249
title              :登录成功
content            :用户名：Sizer
usernum&UserName   :Sizer
Time               :2015-01-03 20:03:00
≡≡≡≡≡≡≡≡≡≡≡≡≡≡≡≡≡≡≡≡≡≡≡≡≡≡≡≡≡≡≡≡≡≡≡≡≡≡≡≡≡≡≡≡≡≡≡≡≡≡
IP                 :192.168.1.249
title              :登录成功
content            :用户名：Sizer
usernum&UserName   :Sizer
Time               :2015-01-03 20:14:00
≡≡≡≡≡≡≡≡≡≡≡≡≡≡≡≡≡≡≡≡≡≡≡≡≡≡≡≡≡≡≡≡≡≡≡≡≡≡≡≡≡≡≡≡≡≡≡≡≡≡
IP                 :192.168.1.249
title              :登录成功
content            :用户名：Sizer
usernum&UserName   :Sizer
Time               :2015-01-03 20:22:35
≡≡≡≡≡≡≡≡≡≡≡≡≡≡≡≡≡≡≡≡≡≡≡≡≡≡≡≡≡≡≡≡≡≡≡≡≡≡≡≡≡≡≡≡≡≡≡≡≡≡
IP                 :192.168.1.249
title              :登录成功
content            :用户名：Sizer
usernum&UserName   :Sizer
Time               :2015-01-04 09:17:16
≡≡≡≡≡≡≡≡≡≡≡≡≡≡≡≡≡≡≡≡≡≡≡≡≡≡≡≡≡≡≡≡≡≡≡≡≡≡≡≡≡≡≡≡≡≡≡≡≡≡
IP                 :192.168.1.249
title              :登录成功
content            :用户名：Sizer
usernum&UserName   :Sizer
Time               :2015-01-04 09:44:39
≡≡≡≡≡≡≡≡≡≡≡≡≡≡≡≡≡≡≡≡≡≡≡≡≡≡≡≡≡≡≡≡≡≡≡≡≡≡≡≡≡≡≡≡≡≡≡≡≡≡
IP                 :192.168.1.249
title              :登录成功
content            :用户名：Sizer
usernum&UserName   :Sizer
Time               :2015-01-04 09:47:06
≡≡≡≡≡≡≡≡≡≡≡≡≡≡≡≡≡≡≡≡≡≡≡≡≡≡≡≡≡≡≡≡≡≡≡≡≡≡≡≡≡≡≡≡≡≡≡≡≡≡
IP                 :192.168.1.249
title              :保存会员参数设置
content            :会员参数设置操作成功！
usernum&UserName   :276007842533
Time               :2015-01-04 09:48:50
≡≡≡≡≡≡≡≡≡≡≡≡≡≡≡≡≡≡≡≡≡≡≡≡≡≡≡≡≡≡≡≡≡≡≡≡≡≡≡≡≡≡≡≡≡≡≡≡≡≡
IP                 :192.168.1.249
title              :保存会员参数设置
content            :会员参数设置操作成功！
usernum&UserName   :276007842533
Time               :2015-01-04 09:49:24
≡≡≡≡≡≡≡≡≡≡≡≡≡≡≡≡≡≡≡≡≡≡≡≡≡≡≡≡≡≡≡≡≡≡≡≡≡≡≡≡≡≡≡≡≡≡≡≡≡≡
IP                 :192.168.1.249
title              :登录成功
content            :用户名：Sizer
usernum&UserName   :Sizer
Time               :2015-01-04 10:13:07
≡≡≡≡≡≡≡≡≡≡≡≡≡≡≡≡≡≡≡≡≡≡≡≡≡≡≡≡≡≡≡≡≡≡≡≡≡≡≡≡≡≡≡≡≡≡≡≡≡≡
IP                 :192.168.1.249
title              :登录成功
content            :用户名：Sizer
usernum&UserName   :Sizer
Time               :2015-01-12 16:35:03
≡≡≡≡≡≡≡≡≡≡≡≡≡≡≡≡≡≡≡≡≡≡≡≡≡≡≡≡≡≡≡≡≡≡≡≡≡≡≡≡≡≡≡≡≡≡≡≡≡≡
IP                 :192.168.1.249
title              :登录成功
content            :用户名：Sizer
usernum&UserName   :Sizer
Time               :2015-01-13 09:43:22
≡≡≡≡≡≡≡≡≡≡≡≡≡≡≡≡≡≡≡≡≡≡≡≡≡≡≡≡≡≡≡≡≡≡≡≡≡≡≡≡≡≡≡≡≡≡≡≡≡≡
IP                 :192.168.1.249
title              :登录成功
content            :用户名：Sizer
usernum&UserName   :Sizer
Time               :2015-01-13 09:45:33
≡≡≡≡≡≡≡≡≡≡≡≡≡≡≡≡≡≡≡≡≡≡≡≡≡≡≡≡≡≡≡≡≡≡≡≡≡≡≡≡≡≡≡≡≡≡≡≡≡≡
IP                 :192.168.1.249
title              :登录成功
content            :用户名：Sizer
usernum&UserName   :Sizer
Time               :2015-01-13 10:00:02
≡≡≡≡≡≡≡≡≡≡≡≡≡≡≡≡≡≡≡≡≡≡≡≡≡≡≡≡≡≡≡≡≡≡≡≡≡≡≡≡≡≡≡≡≡≡≡≡≡≡
IP                 :192.168.1.249
title              :登录成功
content            :用户名：Sizer
usernum&UserName   :Sizer
Time               :2015-01-13 10:21:04
≡≡≡≡≡≡≡≡≡≡≡≡≡≡≡≡≡≡≡≡≡≡≡≡≡≡≡≡≡≡≡≡≡≡≡≡≡≡≡≡≡≡≡≡≡≡≡≡≡≡
IP                 :192.168.1.249
title              :登录成功
content            :用户名：Sizer
usernum&UserName   :Sizer
Time               :2015-01-13 13:19:28
≡≡≡≡≡≡≡≡≡≡≡≡≡≡≡≡≡≡≡≡≡≡≡≡≡≡≡≡≡≡≡≡≡≡≡≡≡≡≡≡≡≡≡≡≡≡≡≡≡≡
IP                 :192.168.1.249
title              :删除栏目
content            :删除栏目到回收站.ClassID:318622628781,792719127790,646617188690,003508950597,082640006578,542591548695,656118912024,477337336410,206999212681,692456427176,227918010951,077770325984,026897335478
usernum&UserName   :276007842533
Time               :2015-01-13 13:20:24
≡≡≡≡≡≡≡≡≡≡≡≡≡≡≡≡≡≡≡≡≡≡≡≡≡≡≡≡≡≡≡≡≡≡≡≡≡≡≡≡≡≡≡≡≡≡≡≡≡≡
IP                 :192.168.1.249
title              :登录成功
content            :用户名：Sizer
usernum&UserName   :Sizer
Time               :2015-01-13 13:54:41
≡≡≡≡≡≡≡≡≡≡≡≡≡≡≡≡≡≡≡≡≡≡≡≡≡≡≡≡≡≡≡≡≡≡≡≡≡≡≡≡≡≡≡≡≡≡≡≡≡≡
IP                 :192.168.1.249
title              :登录成功
content            :用户名：Sizer
usernum&UserName   :Sizer
Time               :2015-01-13 23:35:35
≡≡≡≡≡≡≡≡≡≡≡≡≡≡≡≡≡≡≡≡≡≡≡≡≡≡≡≡≡≡≡≡≡≡≡≡≡≡≡≡≡≡≡≡≡≡≡≡≡≡
IP                 :192.168.1.249
title              :登录成功
content            :用户名：Sizer
usernum&UserName   :Sizer
Time               :2015-01-14 00:32:55
≡≡≡≡≡≡≡≡≡≡≡≡≡≡≡≡≡≡≡≡≡≡≡≡≡≡≡≡≡≡≡≡≡≡≡≡≡≡≡≡≡≡≡≡≡≡≡≡≡≡
IP                 :192.168.1.249
title              :登录成功
content            :用户名：Sizer
usernum&UserName   :Sizer
Time               :2015-01-14 00:37:44
≡≡≡≡≡≡≡≡≡≡≡≡≡≡≡≡≡≡≡≡≡≡≡≡≡≡≡≡≡≡≡≡≡≡≡≡≡≡≡≡≡≡≡≡≡≡≡≡≡≡
IP                 :192.168.1.249
title              :登录成功
content            :用户名：Sizer
usernum&UserName   :Sizer
Time               :2015-01-14 00:54:19
≡≡≡≡≡≡≡≡≡≡≡≡≡≡≡≡≡≡≡≡≡≡≡≡≡≡≡≡≡≡≡≡≡≡≡≡≡≡≡≡≡≡≡≡≡≡≡≡≡≡
IP                 :192.168.1.249
title              :登录成功
content            :用户名：Sizer
usernum&UserName   :Sizer
Time               :2015-01-18 09:57:59
≡≡≡≡≡≡≡≡≡≡≡≡≡≡≡≡≡≡≡≡≡≡≡≡≡≡≡≡≡≡≡≡≡≡≡≡≡≡≡≡≡≡≡≡≡≡≡≡≡≡
IP                 :192.168.1.249
title              :登录成功
content            :用户名：Sizer
usernum&UserName   :Sizer
Time               :2015-01-18 10:24:32
≡≡≡≡≡≡≡≡≡≡≡≡≡≡≡≡≡≡≡≡≡≡≡≡≡≡≡≡≡≡≡≡≡≡≡≡≡≡≡≡≡≡≡≡≡≡≡≡≡≡
IP                 :192.168.1.249
title              :保存基本参数设置
content            :基本参数设置操作成功！
usernum&UserName   :276007842533
Time               :2015-01-18 10:27:13
≡≡≡≡≡≡≡≡≡≡≡≡≡≡≡≡≡≡≡≡≡≡≡≡≡≡≡≡≡≡≡≡≡≡≡≡≡≡≡≡≡≡≡≡≡≡≡≡≡≡
IP                 :192.168.1.249
title              :保存基本参数设置
content            :基本参数设置操作成功！
usernum&UserName   :276007842533
Time               :2015-01-18 10:27:20
≡≡≡≡≡≡≡≡≡≡≡≡≡≡≡≡≡≡≡≡≡≡≡≡≡≡≡≡≡≡≡≡≡≡≡≡≡≡≡≡≡≡≡≡≡≡≡≡≡≡
IP                 :192.168.1.249
title              :删除栏目
content            :删除栏目到回收站.ClassID:318622628781,792719127790,646617188690,003508950597,082640006578,542591548695,656118912024,477337336410,206999212681,692456427176,227918010951,077770325984
usernum&UserName   :276007842533
Time               :2015-01-18 10:27:51
≡≡≡≡≡≡≡≡≡≡≡≡≡≡≡≡≡≡≡≡≡≡≡≡≡≡≡≡≡≡≡≡≡≡≡≡≡≡≡≡≡≡≡≡≡≡≡≡≡≡
IP                 :192.168.1.249
title              :删除栏目
content            :删除栏目到回收站.ClassID:077770325984
usernum&UserName   :276007842533
Time               :2015-01-18 10:28:09
≡≡≡≡≡≡≡≡≡≡≡≡≡≡≡≡≡≡≡≡≡≡≡≡≡≡≡≡≡≡≡≡≡≡≡≡≡≡≡≡≡≡≡≡≡≡≡≡≡≡
IP                 :192.168.1.249
title              :删除栏目
content            :删除栏目到回收站.ClassID:318622628781,792719127790,646617188690,003508950597,082640006578,542591548695,656118912024,477337336410,206999212681,692456427176,227918010951,077770325984
usernum&UserName   :276007842533
Time               :2015-01-18 10:34:54
≡≡≡≡≡≡≡≡≡≡≡≡≡≡≡≡≡≡≡≡≡≡≡≡≡≡≡≡≡≡≡≡≡≡≡≡≡≡≡≡≡≡≡≡≡≡≡≡≡≡
IP                 :192.168.1.249
title              :删除栏目
content            :删除栏目到回收站.ClassID:306722604637,689715925487,629714439098,860405421061
usernum&UserName   :276007842533
Time               :2015-01-18 10:35:16
≡≡≡≡≡≡≡≡≡≡≡≡≡≡≡≡≡≡≡≡≡≡≡≡≡≡≡≡≡≡≡≡≡≡≡≡≡≡≡≡≡≡≡≡≡≡≡≡≡≡
IP                 :192.168.1.249
title              :删除栏目
content            :删除栏目到回收站.ClassID:003508950597
usernum&UserName   :276007842533
Time               :2015-01-18 10:35:27
≡≡≡≡≡≡≡≡≡≡≡≡≡≡≡≡≡≡≡≡≡≡≡≡≡≡≡≡≡≡≡≡≡≡≡≡≡≡≡≡≡≡≡≡≡≡≡≡≡≡
IP                 :192.168.1.249
title              :删除栏目
content            :删除栏目到回收站.ClassID:532219539312,571671890666,435169063519,467675203254
usernum&UserName   :276007842533
Time               :2015-01-18 10:35:39
≡≡≡≡≡≡≡≡≡≡≡≡≡≡≡≡≡≡≡≡≡≡≡≡≡≡≡≡≡≡≡≡≡≡≡≡≡≡≡≡≡≡≡≡≡≡≡≡≡≡
IP                 :192.168.1.249
title              :删除栏目
content            :删除栏目到回收站.ClassID:477337336410
usernum&UserName   :276007842533
Time               :2015-01-18 10:35:45
≡≡≡≡≡≡≡≡≡≡≡≡≡≡≡≡≡≡≡≡≡≡≡≡≡≡≡≡≡≡≡≡≡≡≡≡≡≡≡≡≡≡≡≡≡≡≡≡≡≡
IP                 :192.168.1.249
title              :登录成功
content            :用户名：Sizer
usernum&UserName   :Sizer
Time               :2015-01-18 10:43:49
≡≡≡≡≡≡≡≡≡≡≡≡≡≡≡≡≡≡≡≡≡≡≡≡≡≡≡≡≡≡≡≡≡≡≡≡≡≡≡≡≡≡≡≡≡≡≡≡≡≡
IP                 :192.168.1.249
title              :登录成功
content            :用户名：Sizer
usernum&UserName   :Sizer
Time               :2015-01-19 02:04:33
≡≡≡≡≡≡≡≡≡≡≡≡≡≡≡≡≡≡≡≡≡≡≡≡≡≡≡≡≡≡≡≡≡≡≡≡≡≡≡≡≡≡≡≡≡≡≡≡≡≡
IP                 :192.168.1.249
title              :登录成功
content            :用户名：sizer
usernum&UserName   :sizer
Time               :2015-01-19 02:31:45
≡≡≡≡≡≡≡≡≡≡≡≡≡≡≡≡≡≡≡≡≡≡≡≡≡≡≡≡≡≡≡≡≡≡≡≡≡≡≡≡≡≡≡≡≡≡≡≡≡≡
IP                 :192.168.1.249
title              :登录成功
content            :用户名：Sizer
usernum&UserName   :Sizer
Time               :2015-01-19 02:38:30
≡≡≡≡≡≡≡≡≡≡≡≡≡≡≡≡≡≡≡≡≡≡≡≡≡≡≡≡≡≡≡≡≡≡≡≡≡≡≡≡≡≡≡≡≡≡≡≡≡≡
IP                 :192.168.1.249
title              :保存会员参数设置
content            :会员参数设置操作成功！
usernum&UserName   :276007842533
Time               :2015-01-19 03:22:04
≡≡≡≡≡≡≡≡≡≡≡≡≡≡≡≡≡≡≡≡≡≡≡≡≡≡≡≡≡≡≡≡≡≡≡≡≡≡≡≡≡≡≡≡≡≡≡≡≡≡
IP                 :192.168.1.249
title              :RSS/XML/WAP参数设置
content            :RSS/XML/WAP设置操作成功！
usernum&UserName   :276007842533
Time               :2015-01-19 03:22:24
≡≡≡≡≡≡≡≡≡≡≡≡≡≡≡≡≡≡≡≡≡≡≡≡≡≡≡≡≡≡≡≡≡≡≡≡≡≡≡≡≡≡≡≡≡≡≡≡≡≡
IP                 :192.168.1.249
title              :保存基本参数设置
content            :基本参数设置操作成功！
usernum&UserName   :276007842533
Time               :2015-01-19 03:23:16
≡≡≡≡≡≡≡≡≡≡≡≡≡≡≡≡≡≡≡≡≡≡≡≡≡≡≡≡≡≡≡≡≡≡≡≡≡≡≡≡≡≡≡≡≡≡≡≡≡≡
IP                 :192.168.1.249
title              :登录成功
content            :用户名：Sizer
usernum&UserName   :Sizer
Time               :2015-01-19 11:11:55
≡≡≡≡≡≡≡≡≡≡≡≡≡≡≡≡≡≡≡≡≡≡≡≡≡≡≡≡≡≡≡≡≡≡≡≡≡≡≡≡≡≡≡≡≡≡≡≡≡≡
IP                 :192.168.1.249
title              :保存基本参数设置
content            :基本参数设置操作成功！
usernum&UserName   :276007842533
Time               :2015-01-19 11:12:26
≡≡≡≡≡≡≡≡≡≡≡≡≡≡≡≡≡≡≡≡≡≡≡≡≡≡≡≡≡≡≡≡≡≡≡≡≡≡≡≡≡≡≡≡≡≡≡≡≡≡
IP                 :192.168.1.249
title              :水印/缩图参数设置
content            :水印/缩图设置操作成功！
usernum&UserName   :276007842533
Time               :2015-01-20 13:12:18
≡≡≡≡≡≡≡≡≡≡≡≡≡≡≡≡≡≡≡≡≡≡≡≡≡≡≡≡≡≡≡≡≡≡≡≡≡≡≡≡≡≡≡≡≡≡≡≡≡≡
IP                 :192.168.1.249
title              :登录成功
content            :用户名：Sizer
usernum&UserName   :Sizer
Time               :2015-01-20 22:38:24
≡≡≡≡≡≡≡≡≡≡≡≡≡≡≡≡≡≡≡≡≡≡≡≡≡≡≡≡≡≡≡≡≡≡≡≡≡≡≡≡≡≡≡≡≡≡≡≡≡≡
IP                 :192.168.1.249
title              :保存会员参数设置
content            :会员参数设置操作成功！
usernum&UserName   :276007842533
Time               :2015-01-20 22:39:20
≡≡≡≡≡≡≡≡≡≡≡≡≡≡≡≡≡≡≡≡≡≡≡≡≡≡≡≡≡≡≡≡≡≡≡≡≡≡≡≡≡≡≡≡≡≡≡≡≡≡
IP                 :192.168.1.249
title              :登录成功
content            :用户名：Sizer
usernum&UserName   :Sizer
Time               :2015-01-21 12:51:15
≡≡≡≡≡≡≡≡≡≡≡≡≡≡≡≡≡≡≡≡≡≡≡≡≡≡≡≡≡≡≡≡≡≡≡≡≡≡≡≡≡≡≡≡≡≡≡≡≡≡
IP                 :192.168.1.249
title              :登录成功
content            :用户名：Sizer
usernum&UserName   :Sizer
Time               :2015-01-21 14:32:48
≡≡≡≡≡≡≡≡≡≡≡≡≡≡≡≡≡≡≡≡≡≡≡≡≡≡≡≡≡≡≡≡≡≡≡≡≡≡≡≡≡≡≡≡≡≡≡≡≡≡
IP                 :192.168.1.249
title              :登录成功
content            :用户名：Sizer
usernum&UserName   :Sizer
Time               :2015-01-21 14:58:30
≡≡≡≡≡≡≡≡≡≡≡≡≡≡≡≡≡≡≡≡≡≡≡≡≡≡≡≡≡≡≡≡≡≡≡≡≡≡≡≡≡≡≡≡≡≡≡≡≡≡
IP                 :192.168.1.249
title              :登录成功
content            :用户名：sizer
usernum&UserName   :sizer
Time               :2015-01-21 15:10:54
≡≡≡≡≡≡≡≡≡≡≡≡≡≡≡≡≡≡≡≡≡≡≡≡≡≡≡≡≡≡≡≡≡≡≡≡≡≡≡≡≡≡≡≡≡≡≡≡≡≡
IP                 :192.168.1.249
title              :登录成功
content            :用户名：Sizer
usernum&UserName   :Sizer
Time               :2015-01-22 11:30:18
≡≡≡≡≡≡≡≡≡≡≡≡≡≡≡≡≡≡≡≡≡≡≡≡≡≡≡≡≡≡≡≡≡≡≡≡≡≡≡≡≡≡≡≡≡≡≡≡≡≡
IP                 :192.168.1.249
title              :登录成功
content            :用户名：Sizer
usernum&UserName   :Sizer
Time               :2015-01-22 11:39:18
≡≡≡≡≡≡≡≡≡≡≡≡≡≡≡≡≡≡≡≡≡≡≡≡≡≡≡≡≡≡≡≡≡≡≡≡≡≡≡≡≡≡≡≡≡≡≡≡≡≡
IP                 :192.168.1.249
title              :保存基本参数设置
content            :基本参数设置操作成功！
usernum&UserName   :276007842533
Time               :2015-01-22 12:34:53
≡≡≡≡≡≡≡≡≡≡≡≡≡≡≡≡≡≡≡≡≡≡≡≡≡≡≡≡≡≡≡≡≡≡≡≡≡≡≡≡≡≡≡≡≡≡≡≡≡≡
IP                 :192.168.1.249
title              :保存基本参数设置
content            :基本参数设置操作成功！
usernum&UserName   :276007842533
Time               :2015-01-22 12:35:57
≡≡≡≡≡≡≡≡≡≡≡≡≡≡≡≡≡≡≡≡≡≡≡≡≡≡≡≡≡≡≡≡≡≡≡≡≡≡≡≡≡≡≡≡≡≡≡≡≡≡
