IP                 :192.168.1.249
title              :登录成功
content            :用户名：Sizer
usernum&UserName   :Sizer
Time               :2015-05-08 09:46:40
≡≡≡≡≡≡≡≡≡≡≡≡≡≡≡≡≡≡≡≡≡≡≡≡≡≡≡≡≡≡≡≡≡≡≡≡≡≡≡≡≡≡≡≡≡≡≡≡≡≡
IP                 :192.168.1.249
title              :登录成功
content            :用户名：Sizer
usernum&UserName   :Sizer
Time               :2015-05-08 11:20:47
≡≡≡≡≡≡≡≡≡≡≡≡≡≡≡≡≡≡≡≡≡≡≡≡≡≡≡≡≡≡≡≡≡≡≡≡≡≡≡≡≡≡≡≡≡≡≡≡≡≡
IP                 :192.168.1.249
title              :登录成功
content            :用户名：Sizer
usernum&UserName   :Sizer
Time               :2015-05-08 11:25:49
≡≡≡≡≡≡≡≡≡≡≡≡≡≡≡≡≡≡≡≡≡≡≡≡≡≡≡≡≡≡≡≡≡≡≡≡≡≡≡≡≡≡≡≡≡≡≡≡≡≡
IP                 :192.168.1.249
title              :登录成功
content            :用户名：Sizer
usernum&UserName   :Sizer
Time               :2015-05-08 12:08:02
≡≡≡≡≡≡≡≡≡≡≡≡≡≡≡≡≡≡≡≡≡≡≡≡≡≡≡≡≡≡≡≡≡≡≡≡≡≡≡≡≡≡≡≡≡≡≡≡≡≡
IP                 :192.168.1.249
title              :登录成功
content            :用户名：Sizer
usernum&UserName   :Sizer
Time               :2015-05-08 12:25:33
≡≡≡≡≡≡≡≡≡≡≡≡≡≡≡≡≡≡≡≡≡≡≡≡≡≡≡≡≡≡≡≡≡≡≡≡≡≡≡≡≡≡≡≡≡≡≡≡≡≡
IP                 :192.168.1.249
title              :登录成功
content            :用户名：Sizer
usernum&UserName   :Sizer
Time               :2015-05-29 15:00:20
≡≡≡≡≡≡≡≡≡≡≡≡≡≡≡≡≡≡≡≡≡≡≡≡≡≡≡≡≡≡≡≡≡≡≡≡≡≡≡≡≡≡≡≡≡≡≡≡≡≡
IP                 :192.168.1.249
title              :登录成功
content            :用户名：Sizer
usernum&UserName   :Sizer
Time               :2015-05-29 15:06:33
≡≡≡≡≡≡≡≡≡≡≡≡≡≡≡≡≡≡≡≡≡≡≡≡≡≡≡≡≡≡≡≡≡≡≡≡≡≡≡≡≡≡≡≡≡≡≡≡≡≡
IP                 :192.168.1.249
title              :登录成功
content            :用户名：Sizer
usernum&UserName   :Sizer
Time               :2015-05-29 15:41:40
≡≡≡≡≡≡≡≡≡≡≡≡≡≡≡≡≡≡≡≡≡≡≡≡≡≡≡≡≡≡≡≡≡≡≡≡≡≡≡≡≡≡≡≡≡≡≡≡≡≡
IP                 :192.168.1.249
title              :登录成功
content            :用户名：Sizer
usernum&UserName   :Sizer
Time               :2015-05-29 15:46:03
≡≡≡≡≡≡≡≡≡≡≡≡≡≡≡≡≡≡≡≡≡≡≡≡≡≡≡≡≡≡≡≡≡≡≡≡≡≡≡≡≡≡≡≡≡≡≡≡≡≡
IP                 :192.168.1.249
title              :登录成功
content            :用户名：Sizer
usernum&UserName   :Sizer
Time               :2015-05-29 15:49:25
≡≡≡≡≡≡≡≡≡≡≡≡≡≡≡≡≡≡≡≡≡≡≡≡≡≡≡≡≡≡≡≡≡≡≡≡≡≡≡≡≡≡≡≡≡≡≡≡≡≡
